#
# There is insufficient memory for the Java Runtime Environment to continue.
# Native memory allocation (malloc) failed to allocate 1349456 bytes. Error detail: Chunk::new
# Possible reasons:
#   The system is out of physical RAM or swap space
#   This process is running with CompressedOops enabled, and the Java Heap may be blocking the growth of the native heap
# Possible solutions:
#   Reduce memory load on the system
#   Increase physical memory or swap space
#   Check if swap backing store is full
#   Decrease Java heap size (-Xmx/-Xms)
#   Decrease number of Java threads
#   Decrease Java thread stack sizes (-Xss)
#   Set larger code cache with -XX:ReservedCodeCacheSize=
#   JVM is running with Unscaled Compressed Oops mode in which the Java heap is
#     placed in the first 4GB address space. The Java Heap base address is the
#     maximum limit for the native heap growth. Please use -XX:HeapBaseMinAddress
#     to set the Java Heap base and to place the Java Heap above 4GB virtual address.
# This output file may be truncated or incomplete.
#
#  Out of Memory Error (arena.cpp:162), pid=2304, tid=13176
#
# JRE version: OpenJDK Runtime Environment (24.0.1+9) (build 24.0.1+9-30)
# Java VM: OpenJDK 64-Bit Server VM (24.0.1+9-30, mixed mode, sharing, tiered, compressed oops, compressed class ptrs, g1 gc, windows-amd64)
# No core dump will be written. Minidumps are not enabled by default on client versions of Windows
#

---------------  S U M M A R Y ------------

Command Line: --enable-preview -javaagent:C:\Program Files\JetBrains\IntelliJ IDEA Community Edition 2024.3.5\lib\idea_rt.jar=56781 -Dfile.encoding=UTF-8 -Dsun.stdout.encoding=UTF-8 -Dsun.stderr.encoding=UTF-8 com.whatsapp.Whatsapp.WhatsappApplication

Host: 11th Gen Intel(R) Core(TM) i5-11260H @ 2.60GHz, 12 cores, 7G,  Windows 11 , 64 bit Build 26100 (10.0.26100.4768)
Time: Sun Jul 27 14:06:38 2025 India Standard Time elapsed time: 1030.049046 seconds (0d 0h 17m 10s)

---------------  T H R E A D  ---------------

Current thread (0x00000280d8a41990):  JavaThread "C2 CompilerThread0" daemon [_thread_in_native, id=13176, stack(0x000000eca9b00000,0x000000eca9c00000) (1024K)]


Current CompileTask:
C2:1030049 12317       4       com.mysql.cj.QueryInfo::<init> (2259 bytes)

Stack: [0x000000eca9b00000,0x000000eca9c00000]
Native frames: (J=compiled Java code, j=interpreted, Vv=VM code, C=native code)
V  [jvm.dll+0x730739]  (no source info available)
V  [jvm.dll+0x8d9b23]  (no source info available)
V  [jvm.dll+0x8dc00d]  (no source info available)
V  [jvm.dll+0x8dc683]  (no source info available)
V  [jvm.dll+0x2aa086]  (no source info available)
V  [jvm.dll+0xcedef]  (no source info available)
V  [jvm.dll+0xcf04f]  (no source info available)
V  [jvm.dll+0x3f3702]  (no source info available)
V  [jvm.dll+0x3c0100]  (no source info available)
V  [jvm.dll+0x3bf58a]  (no source info available)
V  [jvm.dll+0x26f777]  (no source info available)
V  [jvm.dll+0x26ea3f]  (no source info available)
V  [jvm.dll+0x1e9d60]  (no source info available)
V  [jvm.dll+0x27e1fb]  (no source info available)
V  [jvm.dll+0x27c49a]  (no source info available)
V  [jvm.dll+0x42f456]  (no source info available)
V  [jvm.dll+0x87d76b]  (no source info available)
V  [jvm.dll+0x72ee55]  (no source info available)
C  [ucrtbase.dll+0x37b0]  (no source info available)
C  [KERNEL32.DLL+0x2e8d7]  (no source info available)
C  [ntdll.dll+0x3c34c]  (no source info available)

Lock stack of current Java thread (top to bottom):


---------------  P R O C E S S  ---------------

Threads class SMR info:
_java_thread_list=0x0000028122977ff0, length=30, elements={
0x00000280d8a31d90, 0x00000280d8a324d0, 0x00000280d8a346e0, 0x00000280d8a38230,
0x00000280d8a398d0, 0x00000280d8a3af70, 0x00000280d8a41990, 0x00000280d8a4c5c0,
0x00000280d8c3d610, 0x00000280d8dd9210, 0x00000280d8c8a5c0, 0x000002811f0dd560,
0x000002811f0deb50, 0x000002811f0ddcb0, 0x000002811f0de400, 0x000002812268af90,
0x00000281226899a0, 0x000002812268b6e0, 0x000002811f0dbf70, 0x0000028120e4e920,
0x0000028120e4da80, 0x0000028120e4cbe0, 0x0000028120e4d330, 0x0000028120e4e1d0,
0x0000028120e4bd40, 0x0000028120e4f070, 0x0000028120e4f7c0, 0x0000028120e4c490,
0x0000028120e51500, 0x0000028120794a40
}

Java Threads: ( => current thread )
  0x00000280d8a31d90 JavaThread "Reference Handler"          daemon [_thread_blocked, id=3576, stack(0x000000eca9500000,0x000000eca9600000) (1024K)]
  0x00000280d8a324d0 JavaThread "Finalizer"                  daemon [_thread_blocked, id=2456, stack(0x000000eca9600000,0x000000eca9700000) (1024K)]
  0x00000280d8a346e0 JavaThread "Signal Dispatcher"          daemon [_thread_blocked, id=7768, stack(0x000000eca9700000,0x000000eca9800000) (1024K)]
  0x00000280d8a38230 JavaThread "Attach Listener"            daemon [_thread_blocked, id=20248, stack(0x000000eca9800000,0x000000eca9900000) (1024K)]
  0x00000280d8a398d0 JavaThread "Service Thread"             daemon [_thread_blocked, id=15840, stack(0x000000eca9900000,0x000000eca9a00000) (1024K)]
  0x00000280d8a3af70 JavaThread "Monitor Deflation Thread"   daemon [_thread_blocked, id=20916, stack(0x000000eca9a00000,0x000000eca9b00000) (1024K)]
=>0x00000280d8a41990 JavaThread "C2 CompilerThread0"         daemon [_thread_in_native, id=13176, stack(0x000000eca9b00000,0x000000eca9c00000) (1024K)]
  0x00000280d8a4c5c0 JavaThread "C1 CompilerThread0"         daemon [_thread_blocked, id=5116, stack(0x000000eca9c00000,0x000000eca9d00000) (1024K)]
  0x00000280d8c3d610 JavaThread "Common-Cleaner"             daemon [_thread_blocked, id=22944, stack(0x000000eca9d00000,0x000000eca9e00000) (1024K)]
  0x00000280d8dd9210 JavaThread "Monitor Ctrl-Break"         daemon [_thread_in_native, id=7232, stack(0x000000eca9f00000,0x000000ecaa000000) (1024K)]
  0x00000280d8c8a5c0 JavaThread "Notification Thread"        daemon [_thread_blocked, id=15140, stack(0x000000ecaa000000,0x000000ecaa100000) (1024K)]
  0x000002811f0dd560 JavaThread "Catalina-utility-1"                [_thread_blocked, id=5084, stack(0x000000ecaa100000,0x000000ecaa200000) (1024K)]
  0x000002811f0deb50 JavaThread "Catalina-utility-2"                [_thread_blocked, id=13864, stack(0x000000ecaae00000,0x000000ecaaf00000) (1024K)]
  0x000002811f0ddcb0 JavaThread "container-0"                       [_thread_blocked, id=14508, stack(0x000000ecaaf00000,0x000000ecab000000) (1024K)]
  0x000002811f0de400 JavaThread "mysql-cj-abandoned-connection-cleanup" daemon [_thread_blocked, id=12700, stack(0x000000ecab000000,0x000000ecab100000) (1024K)]
  0x000002812268af90 JavaThread "HikariPool-1:housekeeper"   daemon [_thread_blocked, id=13828, stack(0x000000ecab200000,0x000000ecab300000) (1024K)]
  0x00000281226899a0 JavaThread "http-nio-8080-exec-1"       daemon [_thread_blocked, id=6652, stack(0x000000ecab300000,0x000000ecab400000) (1024K)]
  0x000002812268b6e0 JavaThread "http-nio-8080-exec-2"       daemon [_thread_blocked, id=19292, stack(0x000000ecab400000,0x000000ecab500000) (1024K)]
  0x000002811f0dbf70 JavaThread "http-nio-8080-exec-3"       daemon [_thread_blocked, id=22956, stack(0x000000ecab500000,0x000000ecab600000) (1024K)]
  0x0000028120e4e920 JavaThread "http-nio-8080-exec-4"       daemon [_thread_blocked, id=23848, stack(0x000000ecab600000,0x000000ecab700000) (1024K)]
  0x0000028120e4da80 JavaThread "http-nio-8080-exec-5"       daemon [_thread_blocked, id=12708, stack(0x000000ecab700000,0x000000ecab800000) (1024K)]
  0x0000028120e4cbe0 JavaThread "http-nio-8080-exec-6"       daemon [_thread_blocked, id=23580, stack(0x000000ecab800000,0x000000ecab900000) (1024K)]
  0x0000028120e4d330 JavaThread "http-nio-8080-exec-7"       daemon [_thread_blocked, id=10996, stack(0x000000ecab900000,0x000000ecaba00000) (1024K)]
  0x0000028120e4e1d0 JavaThread "http-nio-8080-exec-8"       daemon [_thread_blocked, id=19232, stack(0x000000ecaba00000,0x000000ecabb00000) (1024K)]
  0x0000028120e4bd40 JavaThread "http-nio-8080-exec-9"       daemon [_thread_blocked, id=5800, stack(0x000000ecabb00000,0x000000ecabc00000) (1024K)]
  0x0000028120e4f070 JavaThread "http-nio-8080-exec-10"      daemon [_thread_blocked, id=21260, stack(0x000000ecabc00000,0x000000ecabd00000) (1024K)]
  0x0000028120e4f7c0 JavaThread "http-nio-8080-Poller"       daemon [_thread_in_native, id=6628, stack(0x000000ecabd00000,0x000000ecabe00000) (1024K)]
  0x0000028120e4c490 JavaThread "http-nio-8080-Acceptor"     daemon [_thread_in_native, id=15696, stack(0x000000ecabe00000,0x000000ecabf00000) (1024K)]
  0x0000028120e51500 JavaThread "DestroyJavaVM"                     [_thread_blocked, id=1924, stack(0x000000eca8d00000,0x000000eca8e00000) (1024K)]
  0x0000028120794a40 JavaThread "C2 CompilerThread1"         daemon [_thread_blocked, id=15400, stack(0x000000eca8a00000,0x000000eca8b00000) (1024K)]
Total: 30

Other Threads:
  0x00000280d8a22ea0 VMThread "VM Thread"                           [id=5728, stack(0x000000eca9400000,0x000000eca9500000) (1024K)]
  0x00000280d8a12010 WatcherThread "VM Periodic Task Thread"        [id=15824, stack(0x000000eca9300000,0x000000eca9400000) (1024K)]
  0x00000280bb870c10 WorkerThread "GC Thread#0"                     [id=17296, stack(0x000000eca8e00000,0x000000eca8f00000) (1024K)]
  0x000002811edef6f0 WorkerThread "GC Thread#1"                     [id=12476, stack(0x000000ecaa200000,0x000000ecaa300000) (1024K)]
  0x000002811edefaa0 WorkerThread "GC Thread#2"                     [id=23372, stack(0x000000ecaa300000,0x000000ecaa400000) (1024K)]
  0x000002811edefe50 WorkerThread "GC Thread#3"                     [id=19820, stack(0x000000ecaa400000,0x000000ecaa500000) (1024K)]
  0x000002811f1ae830 WorkerThread "GC Thread#4"                     [id=15504, stack(0x000000ecaa500000,0x000000ecaa600000) (1024K)]
  0x000002811ed39ff0 WorkerThread "GC Thread#5"                     [id=18472, stack(0x000000ecaa600000,0x000000ecaa700000) (1024K)]
  0x000002811ed169d0 WorkerThread "GC Thread#6"                     [id=19848, stack(0x000000ecaa800000,0x000000ecaa900000) (1024K)]
  0x000002811ed17ff0 WorkerThread "GC Thread#7"                     [id=18112, stack(0x000000ecaa900000,0x000000ecaaa00000) (1024K)]
  0x000002811ed17890 WorkerThread "GC Thread#8"                     [id=18908, stack(0x000000ecaaa00000,0x000000ecaab00000) (1024K)]
  0x000002811ed16d80 WorkerThread "GC Thread#9"                     [id=21476, stack(0x000000ecaab00000,0x000000ecaac00000) (1024K)]
  0x00000280bb886fd0 ConcurrentGCThread "G1 Main Marker"            [id=23816, stack(0x000000eca8f00000,0x000000eca9000000) (1024K)]
  0x00000280bb888190 WorkerThread "G1 Conc#0"                       [id=11540, stack(0x000000eca9000000,0x000000eca9100000) (1024K)]
  0x000002811ed17c40 WorkerThread "G1 Conc#1"                       [id=17640, stack(0x000000ecaac00000,0x000000ecaad00000) (1024K)]
  0x000002811ed17130 WorkerThread "G1 Conc#2"                       [id=23508, stack(0x000000ecaad00000,0x000000ecaae00000) (1024K)]
  0x00000280d88e01c0 ConcurrentGCThread "G1 Refine#0"               [id=24072, stack(0x000000eca9100000,0x000000eca9200000) (1024K)]
  0x00000280d88e0860 ConcurrentGCThread "G1 Service"                [id=24192, stack(0x000000eca9200000,0x000000eca9300000) (1024K)]
Total: 18

Threads with active compile tasks:
C2 CompilerThread0  1030140 12317       4       com.mysql.cj.QueryInfo::<init> (2259 bytes)
Total: 1

VM state: not at safepoint (normal execution)

VM Mutex/Monitor currently owned by a thread: None

Heap address: 0x0000000084400000, size: 1980 MB, Compressed Oops mode: 32-bit

CDS archive(s) mapped at: [0x00000280d9000000-0x00000280d9d40000-0x00000280d9d40000), size 13893632, SharedBaseAddress: 0x00000280d9000000, ArchiveRelocationMode: 1.
Compressed class space mapped at: 0x00000280da000000-0x000002811a000000, reserved size: 1073741824
UseCompressedClassPointers 1, UseCompactObjectHeaders 0
Narrow klass pointer bits 32, Max shift 3
Narrow klass base: 0x00000280d9000000, Narrow klass shift: 0
Encoding Range: [0x00000280d9000000 - 0x00000281d9000000), (4294967296 bytes)
Klass Range:    [0x00000280d9000000 - 0x000002811a000000), (1090519040 bytes)
Klass ID Range:  [8 - 1090519033) (1090519025)

GC Precious Log:
 CardTable entry size: 512
 Card Set container configuration: InlinePtr #cards 5 size 8 Array Of Cards #cards 10 size 36 Howl #buckets 4 coarsen threshold 1843 Howl Bitmap #cards 512 size 80 coarsen threshold 460 Card regions per heap region 1 cards per card region 2048
 CPUs: 12 total, 12 available
 Memory: 7913M
 Large Page Support: Disabled
 NUMA Support: Disabled
 Compressed Oops: Enabled (32-bit)
 Heap Region Size: 1M
 Heap Min Capacity: 8M
 Heap Initial Capacity: 124M
 Heap Max Capacity: 1980M
 Pre-touch: Disabled
 Parallel Workers: 10
 Concurrent Workers: 3
 Concurrent Refinement Workers: 10
 Periodic GC: Disabled

Heap:
 garbage-first heap   total reserved 2027520K, committed 220160K, used 117862K [0x0000000084400000, 0x0000000100000000)
  region size 1024K, 12 young (12288K), 5 survivors (5120K)
 Metaspace       used 87514K, committed 88128K, reserved 1179648K
  class space    used 9679K, committed 9984K, reserved 1048576K

Heap Regions: E=young(eden), S=young(survivor), O=old, HS=humongous(starts), HC=humongous(continues), CS=collection set, F=free, TAMS=top-at-mark-start, PB=parsable bottom
|   0|0x0000000084400000, 0x0000000084500000, 0x0000000084500000|100%|HS|  |TAMS 0x0000000084400000| PB 0x0000000084400000| Complete |  0
|   1|0x0000000084500000, 0x0000000084600000, 0x0000000084600000|100%|HS|  |TAMS 0x0000000084500000| PB 0x0000000084500000| Complete |  0
|   2|0x0000000084600000, 0x0000000084700000, 0x0000000084700000|100%| O|  |TAMS 0x0000000084600000| PB 0x0000000084600000| Untracked |  0
|   3|0x0000000084700000, 0x0000000084800000, 0x0000000084800000|100%| O|  |TAMS 0x0000000084700000| PB 0x0000000084700000| Untracked |  0
|   4|0x0000000084800000, 0x0000000084900000, 0x0000000084900000|100%| O|  |TAMS 0x0000000084800000| PB 0x0000000084800000| Untracked |  0
|   5|0x0000000084900000, 0x0000000084a00000, 0x0000000084a00000|100%| O|  |TAMS 0x0000000084900000| PB 0x0000000084900000| Untracked |  0
|   6|0x0000000084a00000, 0x0000000084b00000, 0x0000000084b00000|100%| O|  |TAMS 0x0000000084a00000| PB 0x0000000084a00000| Untracked |  0
|   7|0x0000000084b00000, 0x0000000084c00000, 0x0000000084c00000|100%| O|  |TAMS 0x0000000084b00000| PB 0x0000000084b00000| Untracked |  0
|   8|0x0000000084c00000, 0x0000000084d00000, 0x0000000084d00000|100%| O|  |TAMS 0x0000000084c00000| PB 0x0000000084c00000| Untracked |  0
|   9|0x0000000084d00000, 0x0000000084e00000, 0x0000000084e00000|100%| O|  |TAMS 0x0000000084d00000| PB 0x0000000084d00000| Untracked |  0
|  10|0x0000000084e00000, 0x0000000084f00000, 0x0000000084f00000|100%| O|  |TAMS 0x0000000084e00000| PB 0x0000000084e00000| Untracked |  0
|  11|0x0000000084f00000, 0x0000000085000000, 0x0000000085000000|100%| O|  |TAMS 0x0000000084f00000| PB 0x0000000084f00000| Untracked |  0
|  12|0x0000000085000000, 0x0000000085100000, 0x0000000085100000|100%| O|  |TAMS 0x0000000085000000| PB 0x0000000085000000| Untracked |  0
|  13|0x0000000085100000, 0x0000000085200000, 0x0000000085200000|100%| O|  |TAMS 0x0000000085100000| PB 0x0000000085100000| Untracked |  0
|  14|0x0000000085200000, 0x0000000085300000, 0x0000000085300000|100%| O|  |TAMS 0x0000000085200000| PB 0x0000000085200000| Untracked |  0
|  15|0x0000000085300000, 0x0000000085400000, 0x0000000085400000|100%| O|  |TAMS 0x0000000085300000| PB 0x0000000085300000| Untracked |  0
|  16|0x0000000085400000, 0x0000000085500000, 0x0000000085500000|100%| O|  |TAMS 0x0000000085400000| PB 0x0000000085400000| Untracked |  0
|  17|0x0000000085500000, 0x0000000085600000, 0x0000000085600000|100%| O|  |TAMS 0x0000000085500000| PB 0x0000000085500000| Untracked |  0
|  18|0x0000000085600000, 0x0000000085700000, 0x0000000085700000|100%| O|  |TAMS 0x0000000085600000| PB 0x0000000085600000| Untracked |  0
|  19|0x0000000085700000, 0x0000000085800000, 0x0000000085800000|100%| O|  |TAMS 0x0000000085700000| PB 0x0000000085700000| Untracked |  0
|  20|0x0000000085800000, 0x0000000085900000, 0x0000000085900000|100%| O|  |TAMS 0x0000000085800000| PB 0x0000000085800000| Untracked |  0
|  21|0x0000000085900000, 0x0000000085a00000, 0x0000000085a00000|100%| O|  |TAMS 0x0000000085900000| PB 0x0000000085900000| Untracked |  0
|  22|0x0000000085a00000, 0x0000000085b00000, 0x0000000085b00000|100%| O|  |TAMS 0x0000000085a00000| PB 0x0000000085a00000| Untracked |  0
|  23|0x0000000085b00000, 0x0000000085c00000, 0x0000000085c00000|100%| O|  |TAMS 0x0000000085b00000| PB 0x0000000085b00000| Untracked |  0
|  24|0x0000000085c00000, 0x0000000085d00000, 0x0000000085d00000|100%| O|  |TAMS 0x0000000085c00000| PB 0x0000000085c00000| Untracked |  0
|  25|0x0000000085d00000, 0x0000000085e00000, 0x0000000085e00000|100%| O|  |TAMS 0x0000000085d00000| PB 0x0000000085d00000| Untracked |  0
|  26|0x0000000085e00000, 0x0000000085f00000, 0x0000000085f00000|100%| O|  |TAMS 0x0000000085e00000| PB 0x0000000085e00000| Untracked |  0
|  27|0x0000000085f00000, 0x0000000086000000, 0x0000000086000000|100%| O|  |TAMS 0x0000000085f00000| PB 0x0000000085f00000| Untracked |  0
|  28|0x0000000086000000, 0x0000000086100000, 0x0000000086100000|100%| O|  |TAMS 0x0000000086000000| PB 0x0000000086000000| Untracked |  0
|  29|0x0000000086100000, 0x0000000086200000, 0x0000000086200000|100%| O|  |TAMS 0x0000000086100000| PB 0x0000000086100000| Untracked |  0
|  30|0x0000000086200000, 0x0000000086300000, 0x0000000086300000|100%| O|  |TAMS 0x0000000086200000| PB 0x0000000086200000| Untracked |  0
|  31|0x0000000086300000, 0x0000000086400000, 0x0000000086400000|100%| O|  |TAMS 0x0000000086300000| PB 0x0000000086300000| Untracked |  0
|  32|0x0000000086400000, 0x0000000086500000, 0x0000000086500000|100%| O|  |TAMS 0x0000000086400000| PB 0x0000000086400000| Untracked |  0
|  33|0x0000000086500000, 0x0000000086600000, 0x0000000086600000|100%| O|  |TAMS 0x0000000086500000| PB 0x0000000086500000| Untracked |  0
|  34|0x0000000086600000, 0x0000000086700000, 0x0000000086700000|100%| O|  |TAMS 0x0000000086600000| PB 0x0000000086600000| Untracked |  0
|  35|0x0000000086700000, 0x0000000086800000, 0x0000000086800000|100%| O|  |TAMS 0x0000000086700000| PB 0x0000000086700000| Untracked |  0
|  36|0x0000000086800000, 0x0000000086800000, 0x0000000086900000|  0%| F|  |TAMS 0x0000000086800000| PB 0x0000000086800000| Untracked |  0
|  37|0x0000000086900000, 0x0000000086a00000, 0x0000000086a00000|100%| O|  |TAMS 0x0000000086900000| PB 0x0000000086900000| Untracked |  0
|  38|0x0000000086a00000, 0x0000000086b00000, 0x0000000086b00000|100%| O|  |TAMS 0x0000000086a00000| PB 0x0000000086a00000| Untracked |  0
|  39|0x0000000086b00000, 0x0000000086b19aa0, 0x0000000086c00000| 10%| O|  |TAMS 0x0000000086b00000| PB 0x0000000086b00000| Untracked |  0
|  40|0x0000000086c00000, 0x0000000086c00000, 0x0000000086d00000|  0%| F|  |TAMS 0x0000000086c00000| PB 0x0000000086c00000| Untracked |  0
|  41|0x0000000086d00000, 0x0000000086e00000, 0x0000000086e00000|100%| O|  |TAMS 0x0000000086d00000| PB 0x0000000086d00000| Untracked |  0
|  42|0x0000000086e00000, 0x0000000086f00000, 0x0000000086f00000|100%| O|  |TAMS 0x0000000086e00000| PB 0x0000000086e00000| Untracked |  0
|  43|0x0000000086f00000, 0x0000000086f00000, 0x0000000087000000|  0%| F|  |TAMS 0x0000000086f00000| PB 0x0000000086f00000| Untracked |  0
|  44|0x0000000087000000, 0x0000000087000000, 0x0000000087100000|  0%| F|  |TAMS 0x0000000087000000| PB 0x0000000087000000| Untracked |  0
|  45|0x0000000087100000, 0x0000000087100000, 0x0000000087200000|  0%| F|  |TAMS 0x0000000087100000| PB 0x0000000087100000| Untracked |  0
|  46|0x0000000087200000, 0x0000000087200000, 0x0000000087300000|  0%| F|  |TAMS 0x0000000087200000| PB 0x0000000087200000| Untracked |  0
|  47|0x0000000087300000, 0x0000000087300000, 0x0000000087400000|  0%| F|  |TAMS 0x0000000087300000| PB 0x0000000087300000| Untracked |  0
|  48|0x0000000087400000, 0x0000000087400000, 0x0000000087500000|  0%| F|  |TAMS 0x0000000087400000| PB 0x0000000087400000| Untracked |  0
|  49|0x0000000087500000, 0x0000000087600000, 0x0000000087600000|100%| O|  |TAMS 0x0000000087500000| PB 0x0000000087500000| Untracked |  0
|  50|0x0000000087600000, 0x0000000087600000, 0x0000000087700000|  0%| F|  |TAMS 0x0000000087600000| PB 0x0000000087600000| Untracked |  0
|  51|0x0000000087700000, 0x0000000087700000, 0x0000000087800000|  0%| F|  |TAMS 0x0000000087700000| PB 0x0000000087700000| Untracked |  0
|  52|0x0000000087800000, 0x0000000087800000, 0x0000000087900000|  0%| F|  |TAMS 0x0000000087800000| PB 0x0000000087800000| Untracked |  0
|  53|0x0000000087900000, 0x0000000087900000, 0x0000000087a00000|  0%| F|  |TAMS 0x0000000087900000| PB 0x0000000087900000| Untracked |  0
|  54|0x0000000087a00000, 0x0000000087b00000, 0x0000000087b00000|100%| O|  |TAMS 0x0000000087a00000| PB 0x0000000087a00000| Untracked |  0
|  55|0x0000000087b00000, 0x0000000087b00000, 0x0000000087c00000|  0%| F|  |TAMS 0x0000000087b00000| PB 0x0000000087b00000| Untracked |  0
|  56|0x0000000087c00000, 0x0000000087c00000, 0x0000000087d00000|  0%| F|  |TAMS 0x0000000087c00000| PB 0x0000000087c00000| Untracked |  0
|  57|0x0000000087d00000, 0x0000000087d00000, 0x0000000087e00000|  0%| F|  |TAMS 0x0000000087d00000| PB 0x0000000087d00000| Untracked |  0
|  58|0x0000000087e00000, 0x0000000087e00000, 0x0000000087f00000|  0%| F|  |TAMS 0x0000000087e00000| PB 0x0000000087e00000| Untracked |  0
|  59|0x0000000087f00000, 0x0000000087f00000, 0x0000000088000000|  0%| F|  |TAMS 0x0000000087f00000| PB 0x0000000087f00000| Untracked |  0
|  60|0x0000000088000000, 0x0000000088000000, 0x0000000088100000|  0%| F|  |TAMS 0x0000000088000000| PB 0x0000000088000000| Untracked |  0
|  61|0x0000000088100000, 0x0000000088100000, 0x0000000088200000|  0%| F|  |TAMS 0x0000000088100000| PB 0x0000000088100000| Untracked |  0
|  62|0x0000000088200000, 0x0000000088200000, 0x0000000088300000|  0%| F|  |TAMS 0x0000000088200000| PB 0x0000000088200000| Untracked |  0
|  63|0x0000000088300000, 0x0000000088300000, 0x0000000088400000|  0%| F|  |TAMS 0x0000000088300000| PB 0x0000000088300000| Untracked |  0
|  64|0x0000000088400000, 0x0000000088400000, 0x0000000088500000|  0%| F|  |TAMS 0x0000000088400000| PB 0x0000000088400000| Untracked |  0
|  65|0x0000000088500000, 0x0000000088500000, 0x0000000088600000|  0%| F|  |TAMS 0x0000000088500000| PB 0x0000000088500000| Untracked |  0
|  66|0x0000000088600000, 0x0000000088600000, 0x0000000088700000|  0%| F|  |TAMS 0x0000000088600000| PB 0x0000000088600000| Untracked |  0
|  67|0x0000000088700000, 0x0000000088700000, 0x0000000088800000|  0%| F|  |TAMS 0x0000000088700000| PB 0x0000000088700000| Untracked |  0
|  68|0x0000000088800000, 0x0000000088900000, 0x0000000088900000|100%| O|  |TAMS 0x0000000088800000| PB 0x0000000088800000| Untracked |  0
|  69|0x0000000088900000, 0x0000000088a00000, 0x0000000088a00000|100%| O|  |TAMS 0x0000000088900000| PB 0x0000000088900000| Untracked |  0
|  70|0x0000000088a00000, 0x0000000088b00000, 0x0000000088b00000|100%| O|  |TAMS 0x0000000088a00000| PB 0x0000000088a00000| Untracked |  0
|  71|0x0000000088b00000, 0x0000000088c00000, 0x0000000088c00000|100%| O|  |TAMS 0x0000000088b00000| PB 0x0000000088b00000| Untracked |  0
|  72|0x0000000088c00000, 0x0000000088d00000, 0x0000000088d00000|100%| O|  |TAMS 0x0000000088c00000| PB 0x0000000088c00000| Untracked |  0
|  73|0x0000000088d00000, 0x0000000088e00000, 0x0000000088e00000|100%| O|  |TAMS 0x0000000088d00000| PB 0x0000000088d00000| Untracked |  0
|  74|0x0000000088e00000, 0x0000000088f00000, 0x0000000088f00000|100%| O|  |TAMS 0x0000000088e00000| PB 0x0000000088e00000| Untracked |  0
|  75|0x0000000088f00000, 0x0000000089000000, 0x0000000089000000|100%| O|  |TAMS 0x0000000088f00000| PB 0x0000000088f00000| Untracked |  0
|  76|0x0000000089000000, 0x0000000089100000, 0x0000000089100000|100%| O|  |TAMS 0x0000000089000000| PB 0x0000000089000000| Untracked |  0
|  77|0x0000000089100000, 0x0000000089200000, 0x0000000089200000|100%| O|  |TAMS 0x0000000089100000| PB 0x0000000089100000| Untracked |  0
|  78|0x0000000089200000, 0x0000000089300000, 0x0000000089300000|100%| O|  |TAMS 0x0000000089200000| PB 0x0000000089200000| Untracked |  0
|  79|0x0000000089300000, 0x0000000089400000, 0x0000000089400000|100%| O|  |TAMS 0x0000000089300000| PB 0x0000000089300000| Untracked |  0
|  80|0x0000000089400000, 0x0000000089500000, 0x0000000089500000|100%| O|  |TAMS 0x0000000089400000| PB 0x0000000089400000| Untracked |  0
|  81|0x0000000089500000, 0x0000000089600000, 0x0000000089600000|100%| O|  |TAMS 0x0000000089500000| PB 0x0000000089500000| Untracked |  0
|  82|0x0000000089600000, 0x0000000089700000, 0x0000000089700000|100%| O|  |TAMS 0x0000000089600000| PB 0x0000000089600000| Untracked |  0
|  83|0x0000000089700000, 0x0000000089800000, 0x0000000089800000|100%| O|  |TAMS 0x0000000089700000| PB 0x0000000089700000| Untracked |  0
|  84|0x0000000089800000, 0x0000000089900000, 0x0000000089900000|100%| O|  |TAMS 0x0000000089800000| PB 0x0000000089800000| Untracked |  0
|  85|0x0000000089900000, 0x0000000089a00000, 0x0000000089a00000|100%| O|  |TAMS 0x0000000089900000| PB 0x0000000089900000| Untracked |  0
|  86|0x0000000089a00000, 0x0000000089b00000, 0x0000000089b00000|100%| O|  |TAMS 0x0000000089a00000| PB 0x0000000089a00000| Untracked |  0
|  87|0x0000000089b00000, 0x0000000089c00000, 0x0000000089c00000|100%| O|  |TAMS 0x0000000089b00000| PB 0x0000000089b00000| Untracked |  0
|  88|0x0000000089c00000, 0x0000000089d00000, 0x0000000089d00000|100%| O|  |TAMS 0x0000000089c00000| PB 0x0000000089c00000| Untracked |  0
|  89|0x0000000089d00000, 0x0000000089e00000, 0x0000000089e00000|100%| O|  |TAMS 0x0000000089d00000| PB 0x0000000089d00000| Untracked |  0
|  90|0x0000000089e00000, 0x0000000089f00000, 0x0000000089f00000|100%| O|  |TAMS 0x0000000089e00000| PB 0x0000000089e00000| Untracked |  0
|  91|0x0000000089f00000, 0x000000008a000000, 0x000000008a000000|100%| O|  |TAMS 0x0000000089f00000| PB 0x0000000089f00000| Untracked |  0
|  92|0x000000008a000000, 0x000000008a100000, 0x000000008a100000|100%| O|  |TAMS 0x000000008a000000| PB 0x000000008a000000| Untracked |  0
|  93|0x000000008a100000, 0x000000008a200000, 0x000000008a200000|100%| O|  |TAMS 0x000000008a100000| PB 0x000000008a100000| Untracked |  0
|  94|0x000000008a200000, 0x000000008a300000, 0x000000008a300000|100%| O|  |TAMS 0x000000008a200000| PB 0x000000008a200000| Untracked |  0
|  95|0x000000008a300000, 0x000000008a400000, 0x000000008a400000|100%| O|  |TAMS 0x000000008a300000| PB 0x000000008a300000| Untracked |  0
|  96|0x000000008a400000, 0x000000008a500000, 0x000000008a500000|100%| O|  |TAMS 0x000000008a400000| PB 0x000000008a400000| Untracked |  0
|  97|0x000000008a500000, 0x000000008a600000, 0x000000008a600000|100%| O|  |TAMS 0x000000008a500000| PB 0x000000008a500000| Untracked |  0
|  98|0x000000008a600000, 0x000000008a700000, 0x000000008a700000|100%| O|  |TAMS 0x000000008a600000| PB 0x000000008a600000| Untracked |  0
|  99|0x000000008a700000, 0x000000008a800000, 0x000000008a800000|100%| O|  |TAMS 0x000000008a700000| PB 0x000000008a700000| Untracked |  0
| 100|0x000000008a800000, 0x000000008a900000, 0x000000008a900000|100%| O|  |TAMS 0x000000008a800000| PB 0x000000008a800000| Untracked |  0
| 101|0x000000008a900000, 0x000000008aa00000, 0x000000008aa00000|100%| O|  |TAMS 0x000000008a900000| PB 0x000000008a900000| Untracked |  0
| 102|0x000000008aa00000, 0x000000008ab00000, 0x000000008ab00000|100%| O|  |TAMS 0x000000008aa00000| PB 0x000000008aa00000| Untracked |  0
| 103|0x000000008ab00000, 0x000000008ac00000, 0x000000008ac00000|100%| O|  |TAMS 0x000000008ab00000| PB 0x000000008ab00000| Untracked |  0
| 104|0x000000008ac00000, 0x000000008ad00000, 0x000000008ad00000|100%| O|  |TAMS 0x000000008ac00000| PB 0x000000008ac00000| Untracked |  0
| 105|0x000000008ad00000, 0x000000008ae00000, 0x000000008ae00000|100%| O|  |TAMS 0x000000008ad00000| PB 0x000000008ad00000| Untracked |  0
| 106|0x000000008ae00000, 0x000000008af00000, 0x000000008af00000|100%| O|  |TAMS 0x000000008ae00000| PB 0x000000008ae00000| Untracked |  0
| 107|0x000000008af00000, 0x000000008b000000, 0x000000008b000000|100%| O|  |TAMS 0x000000008af00000| PB 0x000000008af00000| Untracked |  0
| 108|0x000000008b000000, 0x000000008b100000, 0x000000008b100000|100%| O|  |TAMS 0x000000008b000000| PB 0x000000008b000000| Untracked |  0
| 109|0x000000008b100000, 0x000000008b200000, 0x000000008b200000|100%| O|  |TAMS 0x000000008b100000| PB 0x000000008b100000| Untracked |  0
| 110|0x000000008b200000, 0x000000008b300000, 0x000000008b300000|100%| O|  |TAMS 0x000000008b200000| PB 0x000000008b200000| Untracked |  0
| 111|0x000000008b300000, 0x000000008b400000, 0x000000008b400000|100%| O|  |TAMS 0x000000008b300000| PB 0x000000008b300000| Untracked |  0
| 112|0x000000008b400000, 0x000000008b500000, 0x000000008b500000|100%| O|  |TAMS 0x000000008b400000| PB 0x000000008b400000| Untracked |  0
| 113|0x000000008b500000, 0x000000008b600000, 0x000000008b600000|100%| O|  |TAMS 0x000000008b500000| PB 0x000000008b500000| Untracked |  0
| 114|0x000000008b600000, 0x000000008b700000, 0x000000008b700000|100%| O|  |TAMS 0x000000008b600000| PB 0x000000008b600000| Untracked |  0
| 115|0x000000008b700000, 0x000000008b700000, 0x000000008b800000|  0%| F|  |TAMS 0x000000008b700000| PB 0x000000008b700000| Untracked |  0
| 116|0x000000008b800000, 0x000000008b800000, 0x000000008b900000|  0%| F|  |TAMS 0x000000008b800000| PB 0x000000008b800000| Untracked |  0
| 117|0x000000008b900000, 0x000000008b900000, 0x000000008ba00000|  0%| F|  |TAMS 0x000000008b900000| PB 0x000000008b900000| Untracked |  0
| 118|0x000000008ba00000, 0x000000008bb00000, 0x000000008bb00000|100%| O|  |TAMS 0x000000008ba00000| PB 0x000000008ba00000| Untracked |  0
| 119|0x000000008bb00000, 0x000000008bc00000, 0x000000008bc00000|100%| O|  |TAMS 0x000000008bb00000| PB 0x000000008bb00000| Untracked |  0
| 120|0x000000008bc00000, 0x000000008bd00000, 0x000000008bd00000|100%| O|  |TAMS 0x000000008bc00000| PB 0x000000008bc00000| Untracked |  0
| 121|0x000000008bd00000, 0x000000008be00000, 0x000000008be00000|100%| O|  |TAMS 0x000000008bd00000| PB 0x000000008bd00000| Untracked |  0
| 122|0x000000008be00000, 0x000000008bf00000, 0x000000008bf00000|100%| O|  |TAMS 0x000000008be00000| PB 0x000000008be00000| Untracked |  0
| 123|0x000000008bf00000, 0x000000008c000000, 0x000000008c000000|100%| O|  |TAMS 0x000000008bf00000| PB 0x000000008bf00000| Untracked |  0
| 124|0x000000008c000000, 0x000000008c100000, 0x000000008c100000|100%| O|  |TAMS 0x000000008c000000| PB 0x000000008c000000| Untracked |  0
| 125|0x000000008c100000, 0x000000008c200000, 0x000000008c200000|100%| O|  |TAMS 0x000000008c100000| PB 0x000000008c100000| Untracked |  0
| 126|0x000000008c200000, 0x000000008c300000, 0x000000008c300000|100%| O|  |TAMS 0x000000008c200000| PB 0x000000008c200000| Untracked |  0
| 127|0x000000008c300000, 0x000000008c400000, 0x000000008c400000|100%| O|  |TAMS 0x000000008c300000| PB 0x000000008c300000| Untracked |  0
| 128|0x000000008c400000, 0x000000008c500000, 0x000000008c500000|100%| O|  |TAMS 0x000000008c400000| PB 0x000000008c400000| Untracked |  0
| 129|0x000000008c500000, 0x000000008c600000, 0x000000008c600000|100%| O|  |TAMS 0x000000008c500000| PB 0x000000008c500000| Untracked |  0
| 130|0x000000008c600000, 0x000000008c600000, 0x000000008c700000|  0%| F|  |TAMS 0x000000008c600000| PB 0x000000008c600000| Untracked |  0
| 131|0x000000008c700000, 0x000000008c800000, 0x000000008c800000|100%| O|  |TAMS 0x000000008c700000| PB 0x000000008c700000| Untracked |  0
| 132|0x000000008c800000, 0x000000008c800000, 0x000000008c900000|  0%| F|  |TAMS 0x000000008c800000| PB 0x000000008c800000| Untracked |  0
| 133|0x000000008c900000, 0x000000008c900000, 0x000000008ca00000|  0%| F|  |TAMS 0x000000008c900000| PB 0x000000008c900000| Untracked |  0
| 134|0x000000008ca00000, 0x000000008ca00000, 0x000000008cb00000|  0%| F|  |TAMS 0x000000008ca00000| PB 0x000000008ca00000| Untracked |  0
| 135|0x000000008cb00000, 0x000000008cb00000, 0x000000008cc00000|  0%| F|  |TAMS 0x000000008cb00000| PB 0x000000008cb00000| Untracked |  0
| 136|0x000000008cc00000, 0x000000008cc00000, 0x000000008cd00000|  0%| F|  |TAMS 0x000000008cc00000| PB 0x000000008cc00000| Untracked |  0
| 137|0x000000008cd00000, 0x000000008cd00000, 0x000000008ce00000|  0%| F|  |TAMS 0x000000008cd00000| PB 0x000000008cd00000| Untracked |  0
| 138|0x000000008ce00000, 0x000000008ce00000, 0x000000008cf00000|  0%| F|  |TAMS 0x000000008ce00000| PB 0x000000008ce00000| Untracked |  0
| 139|0x000000008cf00000, 0x000000008cf00000, 0x000000008d000000|  0%| F|  |TAMS 0x000000008cf00000| PB 0x000000008cf00000| Untracked |  0
| 140|0x000000008d000000, 0x000000008d100000, 0x000000008d100000|100%| S|CS|TAMS 0x000000008d000000| PB 0x000000008d000000| Complete |  0
| 141|0x000000008d100000, 0x000000008d200000, 0x000000008d200000|100%| S|CS|TAMS 0x000000008d100000| PB 0x000000008d100000| Complete |  0
| 142|0x000000008d200000, 0x000000008d300000, 0x000000008d300000|100%| S|CS|TAMS 0x000000008d200000| PB 0x000000008d200000| Complete |  0
| 143|0x000000008d300000, 0x000000008d400000, 0x000000008d400000|100%| S|CS|TAMS 0x000000008d300000| PB 0x000000008d300000| Complete |  0
| 144|0x000000008d400000, 0x000000008d500000, 0x000000008d500000|100%| S|CS|TAMS 0x000000008d400000| PB 0x000000008d400000| Complete |  0
| 145|0x000000008d500000, 0x000000008d500000, 0x000000008d600000|  0%| F|  |TAMS 0x000000008d500000| PB 0x000000008d500000| Untracked |  0
| 146|0x000000008d600000, 0x000000008d600000, 0x000000008d700000|  0%| F|  |TAMS 0x000000008d600000| PB 0x000000008d600000| Untracked |  0
| 147|0x000000008d700000, 0x000000008d700000, 0x000000008d800000|  0%| F|  |TAMS 0x000000008d700000| PB 0x000000008d700000| Untracked |  0
| 148|0x000000008d800000, 0x000000008d800000, 0x000000008d900000|  0%| F|  |TAMS 0x000000008d800000| PB 0x000000008d800000| Untracked |  0
| 149|0x000000008d900000, 0x000000008d900000, 0x000000008da00000|  0%| F|  |TAMS 0x000000008d900000| PB 0x000000008d900000| Untracked |  0
| 150|0x000000008da00000, 0x000000008da00000, 0x000000008db00000|  0%| F|  |TAMS 0x000000008da00000| PB 0x000000008da00000| Untracked |  0
| 151|0x000000008db00000, 0x000000008db00000, 0x000000008dc00000|  0%| F|  |TAMS 0x000000008db00000| PB 0x000000008db00000| Untracked |  0
| 152|0x000000008dc00000, 0x000000008dc00000, 0x000000008dd00000|  0%| F|  |TAMS 0x000000008dc00000| PB 0x000000008dc00000| Untracked |  0
| 153|0x000000008dd00000, 0x000000008dd00000, 0x000000008de00000|  0%| F|  |TAMS 0x000000008dd00000| PB 0x000000008dd00000| Untracked |  0
| 154|0x000000008de00000, 0x000000008de00000, 0x000000008df00000|  0%| F|  |TAMS 0x000000008de00000| PB 0x000000008de00000| Untracked |  0
| 155|0x000000008df00000, 0x000000008df00000, 0x000000008e000000|  0%| F|  |TAMS 0x000000008df00000| PB 0x000000008df00000| Untracked |  0
| 156|0x000000008e000000, 0x000000008e000000, 0x000000008e100000|  0%| F|  |TAMS 0x000000008e000000| PB 0x000000008e000000| Untracked |  0
| 157|0x000000008e100000, 0x000000008e100000, 0x000000008e200000|  0%| F|  |TAMS 0x000000008e100000| PB 0x000000008e100000| Untracked |  0
| 158|0x000000008e200000, 0x000000008e200000, 0x000000008e300000|  0%| F|  |TAMS 0x000000008e200000| PB 0x000000008e200000| Untracked |  0
| 159|0x000000008e300000, 0x000000008e300000, 0x000000008e400000|  0%| F|  |TAMS 0x000000008e300000| PB 0x000000008e300000| Untracked |  0
| 160|0x000000008e400000, 0x000000008e400000, 0x000000008e500000|  0%| F|  |TAMS 0x000000008e400000| PB 0x000000008e400000| Untracked |  0
| 161|0x000000008e500000, 0x000000008e500000, 0x000000008e600000|  0%| F|  |TAMS 0x000000008e500000| PB 0x000000008e500000| Untracked |  0
| 162|0x000000008e600000, 0x000000008e600000, 0x000000008e700000|  0%| F|  |TAMS 0x000000008e600000| PB 0x000000008e600000| Untracked |  0
| 163|0x000000008e700000, 0x000000008e700000, 0x000000008e800000|  0%| F|  |TAMS 0x000000008e700000| PB 0x000000008e700000| Untracked |  0
| 164|0x000000008e800000, 0x000000008e800000, 0x000000008e900000|  0%| F|  |TAMS 0x000000008e800000| PB 0x000000008e800000| Untracked |  0
| 165|0x000000008e900000, 0x000000008e900000, 0x000000008ea00000|  0%| F|  |TAMS 0x000000008e900000| PB 0x000000008e900000| Untracked |  0
| 166|0x000000008ea00000, 0x000000008ea00000, 0x000000008eb00000|  0%| F|  |TAMS 0x000000008ea00000| PB 0x000000008ea00000| Untracked |  0
| 167|0x000000008eb00000, 0x000000008eb00000, 0x000000008ec00000|  0%| F|  |TAMS 0x000000008eb00000| PB 0x000000008eb00000| Untracked |  0
| 168|0x000000008ec00000, 0x000000008ec00000, 0x000000008ed00000|  0%| F|  |TAMS 0x000000008ec00000| PB 0x000000008ec00000| Untracked |  0
| 169|0x000000008ed00000, 0x000000008ed00000, 0x000000008ee00000|  0%| F|  |TAMS 0x000000008ed00000| PB 0x000000008ed00000| Untracked |  0
| 170|0x000000008ee00000, 0x000000008ee00000, 0x000000008ef00000|  0%| F|  |TAMS 0x000000008ee00000| PB 0x000000008ee00000| Untracked |  0
| 171|0x000000008ef00000, 0x000000008ef00000, 0x000000008f000000|  0%| F|  |TAMS 0x000000008ef00000| PB 0x000000008ef00000| Untracked |  0
| 172|0x000000008f000000, 0x000000008f000000, 0x000000008f100000|  0%| F|  |TAMS 0x000000008f000000| PB 0x000000008f000000| Untracked |  0
| 173|0x000000008f100000, 0x000000008f100000, 0x000000008f200000|  0%| F|  |TAMS 0x000000008f100000| PB 0x000000008f100000| Untracked |  0
| 174|0x000000008f200000, 0x000000008f200000, 0x000000008f300000|  0%| F|  |TAMS 0x000000008f200000| PB 0x000000008f200000| Untracked |  0
| 175|0x000000008f300000, 0x000000008f300000, 0x000000008f400000|  0%| F|  |TAMS 0x000000008f300000| PB 0x000000008f300000| Untracked |  0
| 176|0x000000008f400000, 0x000000008f400000, 0x000000008f500000|  0%| F|  |TAMS 0x000000008f400000| PB 0x000000008f400000| Untracked |  0
| 177|0x000000008f500000, 0x000000008f500000, 0x000000008f600000|  0%| F|  |TAMS 0x000000008f500000| PB 0x000000008f500000| Untracked |  0
| 178|0x000000008f600000, 0x000000008f600000, 0x000000008f700000|  0%| F|  |TAMS 0x000000008f600000| PB 0x000000008f600000| Untracked |  0
| 179|0x000000008f700000, 0x000000008f700000, 0x000000008f800000|  0%| F|  |TAMS 0x000000008f700000| PB 0x000000008f700000| Untracked |  0
| 180|0x000000008f800000, 0x000000008f800000, 0x000000008f900000|  0%| F|  |TAMS 0x000000008f800000| PB 0x000000008f800000| Untracked |  0
| 181|0x000000008f900000, 0x000000008f900000, 0x000000008fa00000|  0%| F|  |TAMS 0x000000008f900000| PB 0x000000008f900000| Untracked |  0
| 182|0x000000008fa00000, 0x000000008fa00000, 0x000000008fb00000|  0%| F|  |TAMS 0x000000008fa00000| PB 0x000000008fa00000| Untracked |  0
| 183|0x000000008fb00000, 0x000000008fb00000, 0x000000008fc00000|  0%| F|  |TAMS 0x000000008fb00000| PB 0x000000008fb00000| Untracked |  0
| 184|0x000000008fc00000, 0x000000008fc00000, 0x000000008fd00000|  0%| F|  |TAMS 0x000000008fc00000| PB 0x000000008fc00000| Untracked |  0
| 185|0x000000008fd00000, 0x000000008fd00000, 0x000000008fe00000|  0%| F|  |TAMS 0x000000008fd00000| PB 0x000000008fd00000| Untracked |  0
| 186|0x000000008fe00000, 0x000000008fe00000, 0x000000008ff00000|  0%| F|  |TAMS 0x000000008fe00000| PB 0x000000008fe00000| Untracked |  0
| 187|0x000000008ff00000, 0x000000008ff00000, 0x0000000090000000|  0%| F|  |TAMS 0x000000008ff00000| PB 0x000000008ff00000| Untracked |  0
| 188|0x0000000090000000, 0x0000000090000000, 0x0000000090100000|  0%| F|  |TAMS 0x0000000090000000| PB 0x0000000090000000| Untracked |  0
| 189|0x0000000090100000, 0x0000000090100000, 0x0000000090200000|  0%| F|  |TAMS 0x0000000090100000| PB 0x0000000090100000| Untracked |  0
| 190|0x0000000090200000, 0x0000000090200000, 0x0000000090300000|  0%| F|  |TAMS 0x0000000090200000| PB 0x0000000090200000| Untracked |  0
| 191|0x0000000090300000, 0x0000000090300000, 0x0000000090400000|  0%| F|  |TAMS 0x0000000090300000| PB 0x0000000090300000| Untracked |  0
| 192|0x0000000090400000, 0x0000000090400000, 0x0000000090500000|  0%| F|  |TAMS 0x0000000090400000| PB 0x0000000090400000| Untracked |  0
| 193|0x0000000090500000, 0x0000000090500000, 0x0000000090600000|  0%| F|  |TAMS 0x0000000090500000| PB 0x0000000090500000| Untracked |  0
| 194|0x0000000090600000, 0x0000000090600000, 0x0000000090700000|  0%| F|  |TAMS 0x0000000090600000| PB 0x0000000090600000| Untracked |  0
| 195|0x0000000090700000, 0x0000000090700000, 0x0000000090800000|  0%| F|  |TAMS 0x0000000090700000| PB 0x0000000090700000| Untracked |  0
| 196|0x0000000090800000, 0x0000000090800000, 0x0000000090900000|  0%| F|  |TAMS 0x0000000090800000| PB 0x0000000090800000| Untracked |  0
| 197|0x0000000090900000, 0x0000000090900000, 0x0000000090a00000|  0%| F|  |TAMS 0x0000000090900000| PB 0x0000000090900000| Untracked |  0
| 198|0x0000000090a00000, 0x0000000090a00000, 0x0000000090b00000|  0%| F|  |TAMS 0x0000000090a00000| PB 0x0000000090a00000| Untracked |  0
| 199|0x0000000090b00000, 0x0000000090b00000, 0x0000000090c00000|  0%| F|  |TAMS 0x0000000090b00000| PB 0x0000000090b00000| Untracked |  0
| 200|0x0000000090c00000, 0x0000000090c00000, 0x0000000090d00000|  0%| F|  |TAMS 0x0000000090c00000| PB 0x0000000090c00000| Untracked |  0
| 201|0x0000000090d00000, 0x0000000090d00000, 0x0000000090e00000|  0%| F|  |TAMS 0x0000000090d00000| PB 0x0000000090d00000| Untracked |  0
| 202|0x0000000090e00000, 0x0000000090e00000, 0x0000000090f00000|  0%| F|  |TAMS 0x0000000090e00000| PB 0x0000000090e00000| Untracked |  0
| 203|0x0000000090f00000, 0x0000000090f00000, 0x0000000091000000|  0%| F|  |TAMS 0x0000000090f00000| PB 0x0000000090f00000| Untracked |  0
| 204|0x0000000091000000, 0x0000000091000000, 0x0000000091100000|  0%| F|  |TAMS 0x0000000091000000| PB 0x0000000091000000| Untracked |  0
| 205|0x0000000091100000, 0x0000000091100000, 0x0000000091200000|  0%| F|  |TAMS 0x0000000091100000| PB 0x0000000091100000| Untracked |  0
| 206|0x0000000091200000, 0x0000000091300000, 0x0000000091300000|100%| E|  |TAMS 0x0000000091200000| PB 0x0000000091200000| Complete |  0
| 207|0x0000000091300000, 0x0000000091400000, 0x0000000091400000|100%| E|CS|TAMS 0x0000000091300000| PB 0x0000000091300000| Complete |  0
| 208|0x0000000091400000, 0x0000000091500000, 0x0000000091500000|100%| E|CS|TAMS 0x0000000091400000| PB 0x0000000091400000| Complete |  0
| 209|0x0000000091500000, 0x0000000091600000, 0x0000000091600000|100%| E|CS|TAMS 0x0000000091500000| PB 0x0000000091500000| Complete |  0
|1975|0x00000000ffb00000, 0x00000000ffc00000, 0x00000000ffc00000|100%| O|  |TAMS 0x00000000ffb00000| PB 0x00000000ffb00000| Untracked |  0
|1976|0x00000000ffc00000, 0x00000000ffd00000, 0x00000000ffd00000|100%| E|CS|TAMS 0x00000000ffc00000| PB 0x00000000ffc00000| Complete |  0
|1977|0x00000000ffd00000, 0x00000000ffe00000, 0x00000000ffe00000|100%| E|CS|TAMS 0x00000000ffd00000| PB 0x00000000ffd00000| Complete |  0
|1978|0x00000000ffe00000, 0x00000000fff00000, 0x00000000fff00000|100%| O|  |TAMS 0x00000000ffe00000| PB 0x00000000ffe00000| Untracked |  0
|1979|0x00000000fff00000, 0x0000000100000000, 0x0000000100000000|100%| E|CS|TAMS 0x00000000fff00000| PB 0x00000000fff00000| Complete |  0

Card table byte_map: [0x00000280d3b10000,0x00000280d3ef0000] _byte_map_base: 0x00000280d36ee000

Marking Bits: (CMBitMap*) 0x00000280bb871230
 Bits: [0x00000280d3ef0000, 0x00000280d5de0000)

Polling page: 0x00000280b9690000

Metaspace:

Usage:
  Non-class:     76.01 MB used.
      Class:      9.45 MB used.
       Both:     85.46 MB used.

Virtual space:
  Non-class space:      128.00 MB reserved,      76.31 MB ( 60%) committed,  2 nodes.
      Class space:        1.00 GB reserved,       9.75 MB ( <1%) committed,  1 nodes.
             Both:        1.12 GB reserved,      86.06 MB (  7%) committed. 

Chunk freelists:
   Non-Class:  3.50 MB
       Class:  6.16 MB
        Both:  9.66 MB

MaxMetaspaceSize: unlimited
CompressedClassSpaceSize: 1.00 GB
Initial GC threshold: 21.00 MB
Current GC threshold: 120.62 MB
CDS: on
 - commit_granule_bytes: 65536.
 - commit_granule_words: 8192.
 - virtual_space_node_default_size: 8388608.
 - enlarge_chunks_in_place: 1.
UseCompressedClassPointers 1, UseCompactObjectHeaders 0
Narrow klass pointer bits 32, Max shift 3
Narrow klass base: 0x00000280d9000000, Narrow klass shift: 0
Encoding Range: [0x00000280d9000000 - 0x00000281d9000000), (4294967296 bytes)
Klass Range:    [0x00000280d9000000 - 0x000002811a000000), (1090519040 bytes)
Klass ID Range:  [8 - 1090519033) (1090519025)


Internal statistics:

num_allocs_failed_limit: 9.
num_arena_births: 852.
num_arena_deaths: 0.
num_vsnodes_births: 3.
num_vsnodes_deaths: 0.
num_space_committed: 1376.
num_space_uncommitted: 0.
num_chunks_returned_to_freelist: 9.
num_chunks_taken_from_freelist: 3914.
num_chunk_merges: 6.
num_chunk_splits: 2867.
num_chunks_enlarged: 2349.
num_inconsistent_stats: 0.

CodeHeap 'non-profiled nmethods': size=120064Kb used=5564Kb max_used=5564Kb free=114499Kb
 bounds [0x00000280cbb70000, 0x00000280cc0e0000, 0x00000280d30b0000]
CodeHeap 'profiled nmethods': size=120000Kb used=18338Kb max_used=18338Kb free=101661Kb
 bounds [0x00000280c40b0000, 0x00000280c52a0000, 0x00000280cb5e0000]
CodeHeap 'non-nmethods': size=5696Kb used=1821Kb max_used=1969Kb free=3875Kb
 bounds [0x00000280cb5e0000, 0x00000280cb850000, 0x00000280cbb70000]
CodeCache: size=245760Kb, used=25723Kb, max_used=25871Kb, free=220035Kb
 total_blobs=11828, nmethods=11045, adapters=687, full_count=0
Compilation: enabled, stopped_count=0, restarted_count=0

Compilation events (20 events):
Event: 1028.816 Thread 0x0000028120794a40 nmethod 12368 0x00000280cc0de308 code [0x00000280cc0de440, 0x00000280cc0de6c8]
Event: 1028.817 Thread 0x00000280d8a4c5c0 nmethod 12371 0x00000280c528dc88 code [0x00000280c528e0c0, 0x00000280c52907f8]
Event: 1028.817 Thread 0x00000280d8a4c5c0 12370       3       org.hibernate.query.internal.QueryParameterBindingsImpl::from (24 bytes)
Event: 1028.817 Thread 0x00000280d8a4c5c0 nmethod 12370 0x00000280c5290908 code [0x00000280c5290a40, 0x00000280c5290ce8]
Event: 1028.817 Thread 0x00000280d8a4c5c0 12372       3       org.hibernate.query.sqm.sql.BaseSqmToSqlAstConverter$$Lambda/0x00000280da959998::<init> (10 bytes)
Event: 1028.818 Thread 0x00000280d8a4c5c0 nmethod 12372 0x00000280c5290d08 code [0x00000280c5290e20, 0x00000280c5290fd0]
Event: 1028.818 Thread 0x0000028120794a40 12373       4       java.util.Calendar::setFieldsComputed (118 bytes)
Event: 1028.819 Thread 0x00000280d8a4c5c0 12374       3       org.hibernate.sql.results.internal.InitializersList$Builder::build (125 bytes)
Event: 1028.819 Thread 0x00000280d8a4c5c0 nmethod 12374 0x00000280c5291008 code [0x00000280c52911a0, 0x00000280c5291f50]
Event: 1028.825 Thread 0x0000028120794a40 nmethod 12373 0x00000280cc0de788 code [0x00000280cc0de8c0, 0x00000280cc0deab0]
Event: 1028.835 Thread 0x00000280d8a4c5c0 12375       3       java.util.concurrent.atomic.AtomicInteger::getAndDecrement (12 bytes)
Event: 1028.835 Thread 0x00000280d8a4c5c0 nmethod 12375 0x00000280c5292008 code [0x00000280c5292120, 0x00000280c5292238]
Event: 1028.836 Thread 0x00000280d8a4c5c0 12376       3       org.springframework.web.cors.DefaultCorsProcessor::handleInternal (306 bytes)
Event: 1028.837 Thread 0x0000028120794a40 12377       4       org.apache.tomcat.util.http.MimeHeaders::getUniqueValue (61 bytes)
Event: 1028.843 Thread 0x00000280d8a4c5c0 nmethod 12376 0x00000280c5292308 code [0x00000280c5292b80, 0x00000280c5297ef0]
Event: 1028.843 Thread 0x00000280d8a4c5c0 12378       3       org.springframework.beans.propertyeditors.CustomNumberEditor::<init> (8 bytes)
Event: 1028.844 Thread 0x00000280d8a4c5c0 nmethod 12378 0x00000280c5298188 code [0x00000280c52982a0, 0x00000280c52983e0]
Event: 1028.844 Thread 0x00000280d8a4c5c0 12379       3       org.springframework.beans.propertyeditors.CustomNumberEditor::<init> (39 bytes)
Event: 1028.844 Thread 0x00000280d8a4c5c0 nmethod 12379 0x00000280c5298488 code [0x00000280c52985e0, 0x00000280c5298b38]
Event: 1028.852 Thread 0x0000028120794a40 nmethod 12377 0x00000280cc0deb08 code [0x00000280cc0dec80, 0x00000280cc0df200]

GC Heap History (20 events):
Event: 10.646 GC heap before
{Heap before GC invocations=21 (full 0):
 garbage-first heap   total reserved 2027520K, committed 86016K, used 73447K [0x0000000084400000, 0x0000000100000000)
  region size 1024K, 18 young (18432K), 4 survivors (4096K)
 Metaspace       used 73339K, committed 73856K, reserved 1179648K
  class space    used 8221K, committed 8448K, reserved 1048576K
}
Event: 10.654 GC heap after
{Heap after GC invocations=22 (full 0):
 garbage-first heap   total reserved 2027520K, committed 86016K, used 64201K [0x0000000084400000, 0x0000000100000000)
  region size 1024K, 3 young (3072K), 3 survivors (3072K)
 Metaspace       used 73339K, committed 73856K, reserved 1179648K
  class space    used 8221K, committed 8448K, reserved 1048576K
}
Event: 10.676 GC heap before
{Heap before GC invocations=22 (full 0):
 garbage-first heap   total reserved 2027520K, committed 86016K, used 75465K [0x0000000084400000, 0x0000000100000000)
  region size 1024K, 14 young (14336K), 3 survivors (3072K)
 Metaspace       used 73339K, committed 73856K, reserved 1179648K
  class space    used 8221K, committed 8448K, reserved 1048576K
}
Event: 10.682 GC heap after
{Heap after GC invocations=23 (full 0):
 garbage-first heap   total reserved 2027520K, committed 86016K, used 68577K [0x0000000084400000, 0x0000000100000000)
  region size 1024K, 2 young (2048K), 2 survivors (2048K)
 Metaspace       used 73339K, committed 73856K, reserved 1179648K
  class space    used 8221K, committed 8448K, reserved 1048576K
}
Event: 10.705 GC heap before
{Heap before GC invocations=23 (full 0):
 garbage-first heap   total reserved 2027520K, committed 86016K, used 77793K [0x0000000084400000, 0x0000000100000000)
  region size 1024K, 11 young (11264K), 2 survivors (2048K)
 Metaspace       used 73340K, committed 73856K, reserved 1179648K
  class space    used 8221K, committed 8448K, reserved 1048576K
}
Event: 10.709 GC heap after
{Heap after GC invocations=24 (full 0):
 garbage-first heap   total reserved 2027520K, committed 86016K, used 72187K [0x0000000084400000, 0x0000000100000000)
  region size 1024K, 2 young (2048K), 2 survivors (2048K)
 Metaspace       used 73340K, committed 73856K, reserved 1179648K
  class space    used 8221K, committed 8448K, reserved 1048576K
}
Event: 10.719 GC heap before
{Heap before GC invocations=24 (full 0):
 garbage-first heap   total reserved 2027520K, committed 86016K, used 78331K [0x0000000084400000, 0x0000000100000000)
  region size 1024K, 8 young (8192K), 2 survivors (2048K)
 Metaspace       used 73340K, committed 73856K, reserved 1179648K
  class space    used 8221K, committed 8448K, reserved 1048576K
}
Event: 10.723 GC heap after
{Heap after GC invocations=25 (full 0):
 garbage-first heap   total reserved 2027520K, committed 208896K, used 75226K [0x0000000084400000, 0x0000000100000000)
  region size 1024K, 1 young (1024K), 1 survivors (1024K)
 Metaspace       used 73340K, committed 73856K, reserved 1179648K
  class space    used 8221K, committed 8448K, reserved 1048576K
}
Event: 10.880 GC heap before
{Heap before GC invocations=26 (full 0):
 garbage-first heap   total reserved 2027520K, committed 208896K, used 158170K [0x0000000084400000, 0x0000000100000000)
  region size 1024K, 83 young (84992K), 1 survivors (1024K)
 Metaspace       used 73342K, committed 73856K, reserved 1179648K
  class space    used 8221K, committed 8448K, reserved 1048576K
}
Event: 10.904 GC heap after
{Heap after GC invocations=27 (full 0):
 garbage-first heap   total reserved 2027520K, committed 208896K, used 108544K [0x0000000084400000, 0x0000000100000000)
  region size 1024K, 11 young (11264K), 11 survivors (11264K)
 Metaspace       used 73342K, committed 73856K, reserved 1179648K
  class space    used 8221K, committed 8448K, reserved 1048576K
}
Event: 10.994 GC heap before
{Heap before GC invocations=27 (full 0):
 garbage-first heap   total reserved 2027520K, committed 208896K, used 164864K [0x0000000084400000, 0x0000000100000000)
  region size 1024K, 64 young (65536K), 11 survivors (11264K)
 Metaspace       used 73342K, committed 73856K, reserved 1179648K
  class space    used 8221K, committed 8448K, reserved 1048576K
}
Event: 11.014 GC heap after
{Heap after GC invocations=28 (full 0):
 garbage-first heap   total reserved 2027520K, committed 208896K, used 133556K [0x0000000084400000, 0x0000000100000000)
  region size 1024K, 8 young (8192K), 8 survivors (8192K)
 Metaspace       used 73342K, committed 73856K, reserved 1179648K
  class space    used 8221K, committed 8448K, reserved 1048576K
}
Event: 11.072 GC heap before
{Heap before GC invocations=28 (full 0):
 garbage-first heap   total reserved 2027520K, committed 208896K, used 173492K [0x0000000084400000, 0x0000000100000000)
  region size 1024K, 47 young (48128K), 8 survivors (8192K)
 Metaspace       used 73383K, committed 73920K, reserved 1179648K
  class space    used 8232K, committed 8448K, reserved 1048576K
}
Event: 11.082 GC heap after
{Heap after GC invocations=29 (full 0):
 garbage-first heap   total reserved 2027520K, committed 208896K, used 142336K [0x0000000084400000, 0x0000000100000000)
  region size 1024K, 6 young (6144K), 6 survivors (6144K)
 Metaspace       used 73383K, committed 73920K, reserved 1179648K
  class space    used 8232K, committed 8448K, reserved 1048576K
}
Event: 11.738 GC heap before
{Heap before GC invocations=30 (full 0):
 garbage-first heap   total reserved 2027520K, committed 220160K, used 168960K [0x0000000084400000, 0x0000000100000000)
  region size 1024K, 42 young (43008K), 6 survivors (6144K)
 Metaspace       used 76301K, committed 76864K, reserved 1179648K
  class space    used 8625K, committed 8832K, reserved 1048576K
}
Event: 11.746 GC heap after
{Heap after GC invocations=31 (full 0):
 garbage-first heap   total reserved 2027520K, committed 220160K, used 135989K [0x0000000084400000, 0x0000000100000000)
  region size 1024K, 3 young (3072K), 3 survivors (3072K)
 Metaspace       used 76301K, committed 76864K, reserved 1179648K
  class space    used 8625K, committed 8832K, reserved 1048576K
}
Event: 75.247 GC heap before
{Heap before GC invocations=31 (full 0):
 garbage-first heap   total reserved 2027520K, committed 220160K, used 185141K [0x0000000084400000, 0x0000000100000000)
  region size 1024K, 52 young (53248K), 3 survivors (3072K)
 Metaspace       used 84360K, committed 84928K, reserved 1179648K
  class space    used 9593K, committed 9856K, reserved 1048576K
}
Event: 75.266 GC heap after
{Heap after GC invocations=32 (full 0):
 garbage-first heap   total reserved 2027520K, committed 220160K, used 117740K [0x0000000084400000, 0x0000000100000000)
  region size 1024K, 7 young (7168K), 7 survivors (7168K)
 Metaspace       used 84360K, committed 84928K, reserved 1179648K
  class space    used 9593K, committed 9856K, reserved 1048576K
}
Event: 1023.687 GC heap before
{Heap before GC invocations=32 (full 0):
 garbage-first heap   total reserved 2027520K, committed 220160K, used 180204K [0x0000000084400000, 0x0000000100000000)
  region size 1024K, 68 young (69632K), 7 survivors (7168K)
 Metaspace       used 87406K, committed 88064K, reserved 1179648K
  class space    used 9679K, committed 9984K, reserved 1048576K
}
Event: 1023.745 GC heap after
{Heap after GC invocations=33 (full 0):
 garbage-first heap   total reserved 2027520K, committed 220160K, used 111718K [0x0000000084400000, 0x0000000100000000)
  region size 1024K, 5 young (5120K), 5 survivors (5120K)
 Metaspace       used 87406K, committed 88064K, reserved 1179648K
  class space    used 9679K, committed 9984K, reserved 1048576K
}

Dll operation events (13 events):
Event: 0.013 Loaded shared library C:\Users\Pramoth R\.jdks\openjdk-24.0.1\bin\java.dll
Event: 0.055 Loaded shared library C:\Users\Pramoth R\.jdks\openjdk-24.0.1\bin\jsvml.dll
Event: 0.183 Loaded shared library C:\Users\Pramoth R\.jdks\openjdk-24.0.1\bin\zip.dll
Event: 0.188 Loaded shared library C:\Users\Pramoth R\.jdks\openjdk-24.0.1\bin\instrument.dll
Event: 0.196 Loaded shared library C:\Users\Pramoth R\.jdks\openjdk-24.0.1\bin\net.dll
Event: 0.198 Loaded shared library C:\Users\Pramoth R\.jdks\openjdk-24.0.1\bin\nio.dll
Event: 0.202 Loaded shared library C:\Users\Pramoth R\.jdks\openjdk-24.0.1\bin\zip.dll
Event: 0.355 Loaded shared library C:\Users\Pramoth R\.jdks\openjdk-24.0.1\bin\extnet.dll
Event: 0.397 Loaded shared library C:\Users\Pramoth R\.jdks\openjdk-24.0.1\bin\jimage.dll
Event: 2.110 Loaded shared library C:\Users\Pramoth R\.jdks\openjdk-24.0.1\bin\sunmscapi.dll
Event: 3.806 Loaded shared library C:\Users\Pramoth R\.jdks\openjdk-24.0.1\bin\management.dll
Event: 3.808 Loaded shared library C:\Users\Pramoth R\.jdks\openjdk-24.0.1\bin\management_ext.dll
Event: 5.180 Loaded shared library C:\Users\Pramoth R\.jdks\openjdk-24.0.1\bin\verify.dll

Deoptimization events (20 events):
Event: 1019.344 Thread 0x0000028120e4cbe0 Uncommon trap: trap_request=0xffffffd6 fr.pc=0x00000280cc0d260c relative=0x000000000000024c
Event: 1019.344 Thread 0x0000028120e4cbe0 Uncommon trap: reason=array_check action=maybe_recompile pc=0x00000280cc0d260c method=org.hibernate.internal.util.collections.StandardStack.push(Ljava/lang/Object;)V @ 43 c2
Event: 1019.344 Thread 0x0000028120e4cbe0 DEOPT PACKING pc=0x00000280cc0d260c sp=0x000000ecab8f9720
Event: 1019.344 Thread 0x0000028120e4cbe0 DEOPT UNPACKING pc=0x00000280cb705f02 sp=0x000000ecab8f96c0 mode 2
Event: 1019.347 Thread 0x0000028120e4cbe0 Uncommon trap: trap_request=0xffffffd6 fr.pc=0x00000280cc0d260c relative=0x000000000000024c
Event: 1019.347 Thread 0x0000028120e4cbe0 Uncommon trap: reason=array_check action=maybe_recompile pc=0x00000280cc0d260c method=org.hibernate.internal.util.collections.StandardStack.push(Ljava/lang/Object;)V @ 43 c2
Event: 1019.347 Thread 0x0000028120e4cbe0 DEOPT PACKING pc=0x00000280cc0d260c sp=0x000000ecab8f9a60
Event: 1019.347 Thread 0x0000028120e4cbe0 DEOPT UNPACKING pc=0x00000280cb705f02 sp=0x000000ecab8f9a00 mode 2
Event: 1019.360 Thread 0x0000028120e4da80 Uncommon trap: trap_request=0xffffffd6 fr.pc=0x00000280cc0d260c relative=0x000000000000024c
Event: 1019.360 Thread 0x0000028120e4da80 Uncommon trap: reason=array_check action=maybe_recompile pc=0x00000280cc0d260c method=org.hibernate.internal.util.collections.StandardStack.push(Ljava/lang/Object;)V @ 43 c2
Event: 1019.360 Thread 0x0000028120e4da80 DEOPT PACKING pc=0x00000280cc0d260c sp=0x000000ecab7f9970
Event: 1019.360 Thread 0x0000028120e4da80 DEOPT UNPACKING pc=0x00000280cb705f02 sp=0x000000ecab7f9920 mode 2
Event: 1019.360 Thread 0x0000028120e4da80 Uncommon trap: trap_request=0xffffffd6 fr.pc=0x00000280cc0d260c relative=0x000000000000024c
Event: 1019.360 Thread 0x0000028120e4da80 Uncommon trap: reason=array_check action=maybe_recompile pc=0x00000280cc0d260c method=org.hibernate.internal.util.collections.StandardStack.push(Ljava/lang/Object;)V @ 43 c2
Event: 1019.360 Thread 0x0000028120e4da80 DEOPT PACKING pc=0x00000280cc0d260c sp=0x000000ecab7f9700
Event: 1019.360 Thread 0x0000028120e4da80 DEOPT UNPACKING pc=0x00000280cb705f02 sp=0x000000ecab7f96b0 mode 2
Event: 1019.436 Thread 0x0000028120e4f070 DEOPT PACKING pc=0x00000280c508cd8a sp=0x000000ecabcf8720
Event: 1019.437 Thread 0x0000028120e4f070 DEOPT UNPACKING pc=0x00000280cb636642 sp=0x000000ecabcf7e90 mode 0
Event: 1028.702 Thread 0x000002811f0dbf70 DEOPT PACKING pc=0x00000280c508cd8a sp=0x000000ecab5f8ec0
Event: 1028.702 Thread 0x000002811f0dbf70 DEOPT UNPACKING pc=0x00000280cb636642 sp=0x000000ecab5f8630 mode 0

Classes loaded (20 events):
Event: 74.942 Loading class java/util/ArrayList$SubList$2
Event: 74.943 Loading class java/util/ArrayList$SubList$2 done
Event: 74.985 Loading class java/util/stream/ReferencePipeline$4
Event: 74.986 Loading class java/util/stream/IntPipeline$StatelessOp
Event: 74.986 Loading class java/util/stream/IntPipeline$StatelessOp done
Event: 74.986 Loading class java/util/stream/ReferencePipeline$4 done
Event: 74.989 Loading class java/util/function/IntBinaryOperator
Event: 74.989 Loading class java/util/function/IntBinaryOperator done
Event: 74.990 Loading class java/util/stream/ReduceOps$7
Event: 74.990 Loading class java/util/stream/ReduceOps$7 done
Event: 74.990 Loading class java/util/stream/ReduceOps$6ReducingSink
Event: 74.991 Loading class java/util/stream/ReduceOps$6ReducingSink done
Event: 74.993 Loading class java/util/stream/ReferencePipeline$4$1
Event: 74.993 Loading class java/util/stream/ReferencePipeline$4$1 done
Event: 74.997 Loading class java/util/concurrent/locks/ReentrantReadWriteLock$Sync$HoldCounter
Event: 74.997 Loading class java/util/concurrent/locks/ReentrantReadWriteLock$Sync$HoldCounter done
Event: 872.262 Loading class jdk/internal/reflect/MethodHandleBooleanFieldAccessorImpl
Event: 872.265 Loading class jdk/internal/reflect/MethodHandleBooleanFieldAccessorImpl done
Event: 946.581 Loading class java/lang/invoke/MethodHandleImpl$CountingWrapper$1
Event: 946.582 Loading class java/lang/invoke/MethodHandleImpl$CountingWrapper$1 done

Classes unloaded (0 events):
No events

Classes redefined (0 events):
No events

Internal exceptions (20 events):
Event: 273.331 Thread 0x0000028120e4bd40 Exception <a 'java/lang/NoSuchMethodError'{0x00000000ffcff7b8}: 'java.lang.Object java.lang.invoke.DirectMethodHandle$Holder.invokeInterface(java.lang.Object, java.lang.Object, java.lang.Object, java.lang.Object, java.lang.Object)'> (0x00000000ffcff7b8) 
thrown [s\open\src\hotspot\share\interpreter\linkResolver.cpp, line 805]
Event: 273.438 Thread 0x0000028120e4bd40 Exception <a 'java/lang/NoSuchMethodError'{0x00000000915c0e50}: 'java.lang.Object java.lang.invoke.Invokers$Holder.linkToTargetMethod(java.lang.Object, int, java.lang.Object, java.lang.Object, java.lang.Object, java.lang.Object)'> (0x00000000915c0e50) 
thrown [s\open\src\hotspot\share\interpreter\linkResolver.cpp, line 805]
Event: 273.441 Thread 0x0000028120e4bd40 Exception <a 'java/lang/NoSuchMethodError'{0x00000000915db020}: 'int java.lang.invoke.DirectMethodHandle$Holder.invokeStatic(java.lang.Object, java.lang.Object, int, java.lang.Object)'> (0x00000000915db020) 
thrown [s\open\src\hotspot\share\interpreter\linkResolver.cpp, line 805]
Event: 342.924 Thread 0x000002811f0dbf70 Exception <a 'java/io/IOException'{0x0000000091282c08}> (0x0000000091282c08) 
thrown [s\open\src\hotspot\share\prims\jni.cpp, line 518]
Event: 388.404 Thread 0x0000028120e4e920 Exception <a 'java/io/IOException'{0x00000000911821b8}> (0x00000000911821b8) 
thrown [s\open\src\hotspot\share\prims\jni.cpp, line 518]
Event: 647.653 Thread 0x0000028120e4f070 Exception <a 'java/io/IOException'{0x0000000090e9d368}> (0x0000000090e9d368) 
thrown [s\open\src\hotspot\share\prims\jni.cpp, line 518]
Event: 732.022 Thread 0x0000028120e4f070 Exception <a 'java/io/IOException'{0x0000000090924e78}> (0x0000000090924e78) 
thrown [s\open\src\hotspot\share\prims\jni.cpp, line 518]
Event: 738.647 Thread 0x0000028120e4bd40 Exception <a 'java/io/IOException'{0x00000000908b0ca0}> (0x00000000908b0ca0) 
thrown [s\open\src\hotspot\share\prims\jni.cpp, line 518]
Event: 762.438 Thread 0x000002811f0dbf70 Exception <a 'java/io/IOException'{0x00000000902bb2c8}> (0x00000000902bb2c8) 
thrown [s\open\src\hotspot\share\prims\jni.cpp, line 518]
Event: 857.698 Thread 0x0000028120e4e1d0 Exception <a 'java/io/IOException'{0x0000000090224030}> (0x0000000090224030) 
thrown [s\open\src\hotspot\share\prims\jni.cpp, line 518]
Event: 857.869 Thread 0x0000028120e4f070 Exception <a 'java/io/IOException'{0x000000009007f2e0}> (0x000000009007f2e0) 
thrown [s\open\src\hotspot\share\prims\jni.cpp, line 518]
Event: 857.911 Thread 0x000002811f0dbf70 Exception <a 'java/net/SocketException'{0x000000009008c500}: Connection reset by peer: shutdown> (0x000000009008c500) 
thrown [s\open\src\hotspot\share\prims\jni.cpp, line 536]
Event: 861.325 Thread 0x0000028120e4e1d0 Exception <a 'java/net/SocketException'{0x000000008fc468f8}: Connection reset by peer: shutdown> (0x000000008fc468f8) 
thrown [s\open\src\hotspot\share\prims\jni.cpp, line 536]
Event: 862.948 Thread 0x0000028120e4bd40 Exception <a 'java/io/IOException'{0x000000008fda3fa0}> (0x000000008fda3fa0) 
thrown [s\open\src\hotspot\share\prims\jni.cpp, line 518]
Event: 863.029 Thread 0x000002811f0dbf70 Exception <a 'java/io/IOException'{0x000000008fbf1cf0}> (0x000000008fbf1cf0) 
thrown [s\open\src\hotspot\share\prims\jni.cpp, line 518]
Event: 863.034 Thread 0x0000028120e4cbe0 Exception <a 'java/net/SocketException'{0x000000008fbb6390}: Connection reset by peer: shutdown> (0x000000008fbb6390) 
thrown [s\open\src\hotspot\share\prims\jni.cpp, line 536]
Event: 865.051 Thread 0x0000028120e4bd40 Exception <a 'java/net/SocketException'{0x000000008f9f3f18}: Connection reset by peer: shutdown> (0x000000008f9f3f18) 
thrown [s\open\src\hotspot\share\prims\jni.cpp, line 536]
Event: 872.267 Thread 0x000002812268b6e0 Exception <a 'java/lang/NoSuchMethodError'{0x000000008f554c70}: 'int java.lang.invoke.Invokers$Holder.invokeExact_MT(java.lang.Object, java.lang.Object, java.lang.Object)'> (0x000000008f554c70) 
thrown [s\open\src\hotspot\share\interpreter\linkResolver.cpp, line 805]
Event: 872.955 Thread 0x0000028120e4f070 Exception <a 'java/lang/IncompatibleClassChangeError'{0x000000008f7dc5f8}: Found class java.lang.Object, but interface was expected> (0x000000008f7dc5f8) 
thrown [s\open\src\hotspot\share\interpreter\linkResolver.cpp, line 872]
Event: 872.962 Thread 0x0000028120e4f070 Exception <a 'java/lang/NoSuchMethodError'{0x000000008f7ee8b8}: 'void java.lang.invoke.Invokers$Holder.invokeExact_MT(java.lang.Object, java.lang.Object, int, java.lang.Object)'> (0x000000008f7ee8b8) 
thrown [s\open\src\hotspot\share\interpreter\linkResolver.cpp, line 805]

VM Operations (20 events):
Event: 661.298 Executing VM operation: HandshakeAllThreads (HandshakeForDeflation)
Event: 661.299 Executing VM operation: HandshakeAllThreads (HandshakeForDeflation) done
Event: 661.299 Executing VM operation: RendezvousGCThreads
Event: 661.299 Executing VM operation: RendezvousGCThreads done
Event: 781.533 Executing VM operation: HandshakeAllThreads (HandshakeForDeflation)
Event: 781.534 Executing VM operation: HandshakeAllThreads (HandshakeForDeflation) done
Event: 781.534 Executing VM operation: RendezvousGCThreads
Event: 781.534 Executing VM operation: RendezvousGCThreads done
Event: 901.768 Executing VM operation: HandshakeAllThreads (HandshakeForDeflation)
Event: 901.768 Executing VM operation: HandshakeAllThreads (HandshakeForDeflation) done
Event: 901.768 Executing VM operation: RendezvousGCThreads
Event: 901.768 Executing VM operation: RendezvousGCThreads done
Event: 946.737 Executing VM operation: HandshakeAllThreads (Deoptimize)
Event: 946.738 Executing VM operation: HandshakeAllThreads (Deoptimize) done
Event: 1022.017 Executing VM operation: HandshakeAllThreads (HandshakeForDeflation)
Event: 1022.017 Executing VM operation: HandshakeAllThreads (HandshakeForDeflation) done
Event: 1022.017 Executing VM operation: RendezvousGCThreads
Event: 1022.017 Executing VM operation: RendezvousGCThreads done
Event: 1023.685 Executing VM operation: G1CollectForAllocation (G1 Evacuation Pause)
Event: 1023.745 Executing VM operation: G1CollectForAllocation (G1 Evacuation Pause) done

Memory protections (0 events):
No events

Nmethod flushes (20 events):
Event: 10.749 Thread 0x00000280d8a22ea0 flushing  nmethod 0x00000280c40b5408
Event: 10.749 Thread 0x00000280d8a22ea0 flushing  nmethod 0x00000280c439d608
Event: 11.177 Thread 0x00000280d8a22ea0 flushing  nmethod 0x00000280cbea8208
Event: 11.177 Thread 0x00000280d8a22ea0 flushing  nmethod 0x00000280c4a85608
Event: 11.177 Thread 0x00000280d8a22ea0 flushing  nmethod 0x00000280cbc44088
Event: 11.177 Thread 0x00000280d8a22ea0 flushing  nmethod 0x00000280c4261908
Event: 11.177 Thread 0x00000280d8a22ea0 flushing  nmethod 0x00000280cbe9f808
Event: 11.177 Thread 0x00000280d8a22ea0 flushing  nmethod 0x00000280c40e1f88
Event: 11.177 Thread 0x00000280d8a22ea0 flushing  nmethod 0x00000280c4252c08
Event: 11.177 Thread 0x00000280d8a22ea0 flushing  nmethod 0x00000280c4212488
Event: 11.177 Thread 0x00000280d8a22ea0 flushing  nmethod 0x00000280c4ab6508
Event: 11.177 Thread 0x00000280d8a22ea0 flushing  nmethod 0x00000280c4ab6f08
Event: 11.177 Thread 0x00000280d8a22ea0 flushing osr nmethod 0x00000280c4247588
Event: 11.177 Thread 0x00000280d8a22ea0 flushing  nmethod 0x00000280c4aa8488
Event: 11.177 Thread 0x00000280d8a22ea0 flushing  nmethod 0x00000280c4aac688
Event: 11.177 Thread 0x00000280d8a22ea0 flushing  nmethod 0x00000280c4aadb88
Event: 11.177 Thread 0x00000280d8a22ea0 flushing  nmethod 0x00000280c4aaee88
Event: 11.177 Thread 0x00000280d8a22ea0 flushing  nmethod 0x00000280c4aaf388
Event: 11.177 Thread 0x00000280d8a22ea0 flushing  nmethod 0x00000280c4ab2208
Event: 11.177 Thread 0x00000280d8a22ea0 flushing  nmethod 0x00000280c4737d88

Events (20 events):
Event: 12.145 Thread 0x00000280b944f7e0 Thread added: 0x0000028120e4c490
Event: 12.167 Thread 0x00000280b944f7e0 Thread exited: 0x00000280b944f7e0
Event: 12.167 Thread 0x0000028120e51500 Thread added: 0x0000028120e51500
Event: 13.974 Thread 0x000002811f8e0cc0 Thread exited: 0x000002811f8e0cc0
Event: 13.974 Thread 0x000002811e937440 Thread exited: 0x000002811e937440
Event: 74.771 Thread 0x00000280d8a4c5c0 Thread added: 0x0000028121c74630
Event: 78.147 Thread 0x0000028121c74630 Thread exited: 0x0000028121c74630
Event: 647.643 Thread 0x00000280d8a4c5c0 Thread added: 0x0000028121c72060
Event: 649.367 Thread 0x0000028121c72060 Thread exited: 0x0000028121c72060
Event: 861.303 Thread 0x00000280d8a4c5c0 Thread added: 0x0000028120791ce0
Event: 862.896 Thread 0x0000028120791ce0 Thread exited: 0x0000028120791ce0
Event: 872.389 Thread 0x00000280d8a4c5c0 Thread added: 0x0000028120793390
Event: 872.947 Thread 0x0000028120793390 Thread exited: 0x0000028120793390
Event: 872.970 Thread 0x00000280d8a41990 Thread added: 0x0000028120791ce0
Event: 873.366 Thread 0x0000028120791ce0 Thread exited: 0x0000028120791ce0
Event: 958.292 Thread 0x00000280d8a4c5c0 Thread added: 0x0000028120791ce0
Event: 961.177 Thread 0x0000028120791ce0 Thread exited: 0x0000028120791ce0
Event: 961.197 Thread 0x00000280d8a41990 Thread added: 0x0000028120791ce0
Event: 964.377 Thread 0x0000028120791ce0 Thread exited: 0x0000028120791ce0
Event: 1028.729 Thread 0x00000280d8a4c5c0 Thread added: 0x0000028120794a40


Dynamic libraries:
0x00007ff663e40000 - 0x00007ff663e4e000 	C:\Users\Pramoth R\.jdks\openjdk-24.0.1\bin\java.exe
0x00007fff09b40000 - 0x00007fff09da7000 	C:\WINDOWS\SYSTEM32\ntdll.dll
0x00007fff098f0000 - 0x00007fff099b9000 	C:\WINDOWS\System32\KERNEL32.DLL
0x00007fff072e0000 - 0x00007fff076d0000 	C:\WINDOWS\System32\KERNELBASE.dll
0x00007fff06d10000 - 0x00007fff06e5b000 	C:\WINDOWS\System32\ucrtbase.dll
0x00007fff015a0000 - 0x00007fff015b6000 	C:\Users\Pramoth R\.jdks\openjdk-24.0.1\bin\jli.dll
0x00007ffef3ce0000 - 0x00007ffef3cfb000 	C:\Users\Pramoth R\.jdks\openjdk-24.0.1\bin\VCRUNTIME140.dll
0x00007fff08f00000 - 0x00007fff090c5000 	C:\WINDOWS\System32\USER32.dll
0x00007ffeeae00000 - 0x00007ffeeb09a000 	C:\WINDOWS\WinSxS\amd64_microsoft.windows.common-controls_6595b64144ccf1df_6.0.26100.4768_none_3e0c112ce331287c\COMCTL32.dll
0x00007fff070a0000 - 0x00007fff070c7000 	C:\WINDOWS\System32\win32u.dll
0x00007fff09800000 - 0x00007fff098a9000 	C:\WINDOWS\System32\msvcrt.dll
0x00007fff08080000 - 0x00007fff080ab000 	C:\WINDOWS\System32\GDI32.dll
0x00007fff076e0000 - 0x00007fff07818000 	C:\WINDOWS\System32\gdi32full.dll
0x00007fff07820000 - 0x00007fff078c3000 	C:\WINDOWS\System32\msvcp_win.dll
0x00007fff098b0000 - 0x00007fff098df000 	C:\WINDOWS\System32\IMM32.DLL
0x00007fff01780000 - 0x00007fff0178c000 	C:\Users\Pramoth R\.jdks\openjdk-24.0.1\bin\vcruntime140_1.dll
0x00007ffeeb950000 - 0x00007ffeeb9de000 	C:\Users\Pramoth R\.jdks\openjdk-24.0.1\bin\msvcp140.dll
0x00007ffe9edb0000 - 0x00007ffe9fb52000 	C:\Users\Pramoth R\.jdks\openjdk-24.0.1\bin\server\jvm.dll
0x00007fff08e40000 - 0x00007fff08ef4000 	C:\WINDOWS\System32\ADVAPI32.dll
0x00007fff096a0000 - 0x00007fff09746000 	C:\WINDOWS\System32\sechost.dll
0x00007fff07ac0000 - 0x00007fff07bd8000 	C:\WINDOWS\System32\RPCRT4.dll
0x00007fff09a80000 - 0x00007fff09af4000 	C:\WINDOWS\System32\WS2_32.dll
0x00007ffefcc80000 - 0x00007ffefcc8b000 	C:\WINDOWS\SYSTEM32\VERSION.dll
0x00007ffef9fc0000 - 0x00007ffef9ff5000 	C:\WINDOWS\SYSTEM32\WINMM.dll
0x00007fff05850000 - 0x00007fff058ae000 	C:\WINDOWS\SYSTEM32\POWRPROF.dll
0x00007fff05830000 - 0x00007fff05844000 	C:\WINDOWS\SYSTEM32\UMPDC.dll
0x00007fff05b10000 - 0x00007fff05b2b000 	C:\WINDOWS\SYSTEM32\kernel.appcore.dll
0x00007ffefdf60000 - 0x00007ffefdf6a000 	C:\Users\Pramoth R\.jdks\openjdk-24.0.1\bin\jimage.dll
0x00007fff04130000 - 0x00007fff04371000 	C:\WINDOWS\SYSTEM32\DBGHELP.DLL
0x00007fff09180000 - 0x00007fff09505000 	C:\WINDOWS\System32\combase.dll
0x00007fff08b20000 - 0x00007fff08c00000 	C:\WINDOWS\System32\OLEAUT32.dll
0x00007ffed0e30000 - 0x00007ffed0e73000 	C:\WINDOWS\SYSTEM32\dbgcore.DLL
0x00007fff06c70000 - 0x00007fff06d09000 	C:\WINDOWS\System32\bcryptPrimitives.dll
0x00007ffefd070000 - 0x00007ffefd07f000 	C:\Users\Pramoth R\.jdks\openjdk-24.0.1\bin\instrument.dll
0x00007ffef3c90000 - 0x00007ffef3cae000 	C:\Users\Pramoth R\.jdks\openjdk-24.0.1\bin\java.dll
0x00007fff08c10000 - 0x00007fff08db0000 	C:\WINDOWS\System32\ole32.dll
0x00007fff082d0000 - 0x00007fff08a1d000 	C:\WINDOWS\System32\SHELL32.dll
0x00007fff06f20000 - 0x00007fff07093000 	C:\WINDOWS\System32\wintypes.dll
0x00007fff04850000 - 0x00007fff050af000 	C:\WINDOWS\SYSTEM32\windows.storage.dll
0x00007fff09510000 - 0x00007fff09605000 	C:\WINDOWS\System32\SHCORE.dll
0x00007fff08250000 - 0x00007fff082ba000 	C:\WINDOWS\System32\shlwapi.dll
0x00007fff06b90000 - 0x00007fff06bb9000 	C:\WINDOWS\SYSTEM32\profapi.dll
0x00007ffeb9fe0000 - 0x00007ffeba0b7000 	C:\Users\Pramoth R\.jdks\openjdk-24.0.1\bin\jsvml.dll
0x00007ffef2630000 - 0x00007ffef2647000 	C:\Users\Pramoth R\.jdks\openjdk-24.0.1\bin\zip.dll
0x00007ffef3be0000 - 0x00007ffef3bf0000 	C:\Users\Pramoth R\.jdks\openjdk-24.0.1\bin\net.dll
0x00007fff060a0000 - 0x00007fff0610b000 	C:\WINDOWS\system32\mswsock.dll
0x00007ffef3690000 - 0x00007ffef36a6000 	C:\Users\Pramoth R\.jdks\openjdk-24.0.1\bin\nio.dll
0x00007ffef2690000 - 0x00007ffef2699000 	C:\Users\Pramoth R\.jdks\openjdk-24.0.1\bin\extnet.dll
0x00007ffef2440000 - 0x00007ffef244e000 	C:\Users\Pramoth R\.jdks\openjdk-24.0.1\bin\sunmscapi.dll
0x00007fff07160000 - 0x00007fff072d7000 	C:\WINDOWS\System32\CRYPT32.dll
0x00007fff06580000 - 0x00007fff065b0000 	C:\WINDOWS\SYSTEM32\ncrypt.dll
0x00007fff06530000 - 0x00007fff0656f000 	C:\WINDOWS\SYSTEM32\NTASN1.dll
0x00007fff06360000 - 0x00007fff0637b000 	C:\WINDOWS\SYSTEM32\CRYPTSP.dll
0x00007fff05a70000 - 0x00007fff05aab000 	C:\WINDOWS\system32\rsaenh.dll
0x00007fff06140000 - 0x00007fff0616b000 	C:\WINDOWS\SYSTEM32\USERENV.dll
0x00007fff06b60000 - 0x00007fff06b86000 	C:\WINDOWS\SYSTEM32\bcrypt.dll
0x00007fff06380000 - 0x00007fff0638c000 	C:\WINDOWS\SYSTEM32\CRYPTBASE.dll
0x00007fff05520000 - 0x00007fff05553000 	C:\WINDOWS\SYSTEM32\IPHLPAPI.DLL
0x00007fff082c0000 - 0x00007fff082ca000 	C:\WINDOWS\System32\NSI.dll
0x00007ffef23d0000 - 0x00007ffef23da000 	C:\Users\Pramoth R\.jdks\openjdk-24.0.1\bin\management.dll
0x00007ffef23c0000 - 0x00007ffef23cb000 	C:\Users\Pramoth R\.jdks\openjdk-24.0.1\bin\management_ext.dll
0x00007fff08070000 - 0x00007fff08078000 	C:\WINDOWS\System32\PSAPI.DLL
0x00007fff05560000 - 0x00007fff05686000 	C:\WINDOWS\SYSTEM32\DNSAPI.dll
0x00007ffefd0c0000 - 0x00007ffefd0cb000 	C:\Windows\System32\rasadhlp.dll
0x00007fff01370000 - 0x00007fff013f6000 	C:\WINDOWS\System32\fwpuclnt.dll
0x00007ffef23b0000 - 0x00007ffef23c0000 	C:\Users\Pramoth R\.jdks\openjdk-24.0.1\bin\verify.dll
0x00007ffefc060000 - 0x00007ffefc068000 	C:\WINDOWS\system32\wshunix.dll

JVMTI agents:
C:\Program Files\JetBrains\IntelliJ IDEA Community Edition 2024.3.5\lib\idea_rt.jar path:C:\Users\Pramoth R\.jdks\openjdk-24.0.1\bin\instrument.dll, loaded, initialized, instrumentlib options:56781

dbghelp: loaded successfully - version: 4.0.5 - missing functions: none
symbol engine: initialized successfully - sym options: 0x614 - pdb path: .;C:\Users\Pramoth R\.jdks\openjdk-24.0.1\bin;C:\WINDOWS\SYSTEM32;C:\WINDOWS\WinSxS\amd64_microsoft.windows.common-controls_6595b64144ccf1df_6.0.26100.4768_none_3e0c112ce331287c;C:\Users\Pramoth R\.jdks\openjdk-24.0.1\bin\server

VM Arguments:
jvm_args: --enable-preview -javaagent:C:\Program Files\JetBrains\IntelliJ IDEA Community Edition 2024.3.5\lib\idea_rt.jar=56781 -Dfile.encoding=UTF-8 -Dsun.stdout.encoding=UTF-8 -Dsun.stderr.encoding=UTF-8 
java_command: com.whatsapp.Whatsapp.WhatsappApplication
java_class_path (initial): D:\Whatsapp\Backend\target\classes;C:\Users\Pramoth R\.m2\repository\org\springframework\boot\spring-boot-starter-data-jpa\3.5.3\spring-boot-starter-data-jpa-3.5.3.jar;C:\Users\Pramoth R\.m2\repository\org\springframework\boot\spring-boot-starter\3.5.3\spring-boot-starter-3.5.3.jar;C:\Users\Pramoth R\.m2\repository\org\springframework\boot\spring-boot\3.5.3\spring-boot-3.5.3.jar;C:\Users\Pramoth R\.m2\repository\org\springframework\boot\spring-boot-autoconfigure\3.5.3\spring-boot-autoconfigure-3.5.3.jar;C:\Users\Pramoth R\.m2\repository\org\springframework\boot\spring-boot-starter-logging\3.5.3\spring-boot-starter-logging-3.5.3.jar;C:\Users\Pramoth R\.m2\repository\ch\qos\logback\logback-classic\1.5.18\logback-classic-1.5.18.jar;C:\Users\Pramoth R\.m2\repository\ch\qos\logback\logback-core\1.5.18\logback-core-1.5.18.jar;C:\Users\Pramoth R\.m2\repository\org\apache\logging\log4j\log4j-to-slf4j\2.24.3\log4j-to-slf4j-2.24.3.jar;C:\Users\Pramoth R\.m2\repository\org\apache\logging\log4j\log4j-api\2.24.3\log4j-api-2.24.3.jar;C:\Users\Pramoth R\.m2\repository\org\slf4j\jul-to-slf4j\2.0.17\jul-to-slf4j-2.0.17.jar;C:\Users\Pramoth R\.m2\repository\jakarta\annotation\jakarta.annotation-api\2.1.1\jakarta.annotation-api-2.1.1.jar;C:\Users\Pramoth R\.m2\repository\org\yaml\snakeyaml\2.4\snakeyaml-2.4.jar;C:\Users\Pramoth R\.m2\repository\org\springframework\boot\spring-boot-starter-jdbc\3.5.3\spring-boot-starter-jdbc-3.5.3.jar;C:\Users\Pramoth R\.m2\repository\com\zaxxer\HikariCP\6.3.0\HikariCP-6.3.0.jar;C:\Users\Pramoth R\.m2\repository\org\springframework\spring-jdbc\6.2.8\spring-jdbc-6.2.8.jar;C:\Users\Pramoth R\.m2\repository\org\hibernate\orm\hibernate-core\6.6.18.Final\hibernate-core-6.6.18.Final.jar;C:\Users\Pramoth R\.m2\repository\jakarta\persistence\jakarta.persistence-api\3.1.0\jakarta.persistence-api-3.1.0.jar;C:\Users\Pramoth R\.m2\repository\jakarta\transaction\jakarta.transaction-api\2.0.1\jakarta.transaction-api-2.0.1.jar;C:\Users\Pramoth R\.m2\repository\org\jboss\logging\jboss-logging\3.6.1.Final\jboss-logging-3.6.1.Final.jar;C:\Users\Pramoth R\.m2\repository\org\hibernate\common\hibernate-commons-annotations\7.0.3.Final\hibernate-commons-annotations-7.0.3.Final.jar;C:\Users\Pramoth R\.m2\repository\io\smallrye\jandex\3.2.0\jandex-3.2.0.jar;C:\Users\Pramoth R\.m2\repository\com\fasterxml\classmate\1.7.0\classmate-1.7.0.jar;C:\Users\Pramoth R\.m2\repository\net\bytebuddy\byte-buddy\1.17.6\byte-buddy-1.17.6.jar;C:\Users\Pramoth R\.m2\repository\org\glassfish\jaxb\jaxb-runtime\4.0.5\jaxb-runtime-4.0.5.jar;C:\Users\Pramoth R\.m2\repository\org\glassfish\jaxb\jaxb-core\4.0.5\jaxb-core-4.0.5.jar;C:\Users\Pramoth R\.m2\repository\org\glassfish\jaxb\txw2\4.0.5\txw2-4.0.5.jar;C:\Users\Pramoth R\.m2\repository\com\sun\istack\istack-commons-runtime\4.1.2\istack-commons-runtime-4.1.2.jar;C:\Users\Pramoth R\.m2\repository\jakarta\inject\jakarta.inject-api\2.0.1\jakarta.inject-api-2.0.1.jar;C:\Users\Pramoth R\.m2\repository\org\antlr\antlr4-runtime\4.13.0\antlr4-runtime-4.13.0.jar;C:\Users\Pramoth R\.m2\repository\org\springframework\data\spring-data-jpa\3.5.1\spring-data-jpa-3.5.1.jar;C:\Users\Pramoth R\.m2\repository\org\springframework\data\spring-data-commons\3.5.1\spring-data-commons-3.5.1.jar;C:\Users\Pramoth R\.m2\repository\org\springframework\spring-orm\6.2.8\spring-orm-6.2.8.jar;C:\Users\Pramoth R\.m2\repository\org\springframework\spring-context\6.2.8\spring-context-6.2.8.jar;C:\Users\Pramoth R\.m2\repository\org\springframework\spring-tx\6.2.8\spring-tx-6.2.8.jar;C:\Users\Pramoth R\.m2\repository\org\springframework\spring-beans\6.2.8\spring-beans-6.2.8.jar;C:\Users\Pramoth R\.m2\repository\org\slf4j\slf4j-api\2.0.17\slf4j-api-2.0.17.jar;C:\Users\Pramoth R\.m2\repository\org\springframework\spring-aspects\6.2.8\spring-aspects-6.2.8.jar;C:\Users\Pramoth R\.m2\repository\org\aspectj\aspectjweaver\1.9.24\aspectjweaver-1.9.24.jar;C:\Users\Pramoth R\.m2\repository\org\springframework\boot\spring-boot-starter-validation\3.5.3\spring-boot-starter-validation-3.5.3.jar;C:\Users\Pramoth R\.m2\repository\org\apache\tomcat\embed\tomcat-embed-el\10.1.42\tomcat-embed-el-10.1.42.jar;C:\Users\Pramoth R\.m2\repository\org\hibernate\validator\hibernate-validator\8.0.2.Final\hibernate-validator-8.0.2.Final.jar;C:\Users\Pramoth R\.m2\repository\jakarta\validation\jakarta.validation-api\3.0.2\jakarta.validation-api-3.0.2.jar;C:\Users\Pramoth R\.m2\repository\org\springframework\boot\spring-boot-starter-web\3.5.3\spring-boot-starter-web-3.5.3.jar;C:\Users\Pramoth R\.m2\repository\org\springframework\boot\spring-boot-starter-json\3.5.3\spring-boot-starter-json-3.5.3.jar;C:\Users\Pramoth R\.m2\repository\com\fasterxml\jackson\core\jackson-databind\2.19.1\jackson-databind-2.19.1.jar;C:\Users\Pramoth R\.m2\repository\com\fasterxml\jackson\core\jackson-annotations\2.19.1\jackson-annotations-2.19.1.jar;C:\Users\Pramoth R\.m2\repository\com\fasterxml\jackson\core\jackson-core\2.19.1\jackson-core-2.19.1.jar;C:\Users\Pramoth R\.m2\repository\com\fasterxml\jackson\datatype\jackson-datatype-jdk8\2.19.1\jackson-datatype-jdk8-2.19.1.jar;C:\Users\Pramoth R\.m2\repository\com\fasterxml\jackson\datatype\jackson-datatype-jsr310\2.19.1\jackson-datatype-jsr310-2.19.1.jar;C:\Users\Pramoth R\.m2\repository\com\fasterxml\jackson\module\jackson-module-parameter-names\2.19.1\jackson-module-parameter-names-2.19.1.jar;C:\Users\Pramoth R\.m2\repository\org\springframework\boot\spring-boot-starter-tomcat\3.5.3\spring-boot-starter-tomcat-3.5.3.jar;C:\Users\Pramoth R\.m2\repository\org\apache\tomcat\embed\tomcat-embed-core\10.1.42\tomcat-embed-core-10.1.42.jar;C:\Users\Pramoth R\.m2\repository\org\apache\tomcat\embed\tomcat-embed-websocket\10.1.42\tomcat-embed-websocket-10.1.42.jar;C:\Users\Pramoth R\.m2\repository\org\springframework\spring-web\6.2.8\spring-web-6.2.8.jar;C:\Users\Pramoth R\.m2\repository\io\micrometer\micrometer-observation\1.15.1\micrometer-observation-1.15.1.jar;C:\Users\Pramoth R\.m2\repository\io\micrometer\micrometer-commons\1.15.1\micrometer-commons-1.15.1.jar;C:\Users\Pramoth R\.m2\repository\org\springframework\spring-webmvc\6.2.8\spring-webmvc-6.2.8.jar;C:\Users\Pramoth R\.m2\repository\org\springframework\spring-expression\6.2.8\spring-expression-6.2.8.jar;C:\Users\Pramoth R\.m2\repository\org\springframework\boot\spring-boot-starter-mail\3.5.3\spring-boot-starter-mail-3.5.3.jar;C:\Users\Pramoth R\.m2\repository\org\springframework\spring-context-support\6.2.8\spring-context-support-6.2.8.jar;C:\Users\Pramoth R\.m2\repository\org\eclipse\angus\jakarta.mail\2.0.3\jakarta.mail-2.0.3.jar;C:\Users\Pramoth R\.m2\repository\jakarta\activation\jakarta.activation-api\2.1.3\jakarta.activation-api-2.1.3.jar;C:\Users\Pramoth R\.m2\repository\org\eclipse\angus\angus-activation\2.0.2\angus-activation-2.0.2.jar;C:\Users\Pramoth R\.m2\repository\com\mysql\mysql-connector-j\9.2.0\mysql-connector-j-9.2.0.jar;C:\Users\Pramoth R\.m2\repository\org\springframework\boot\spring-boot-starter-security\3.5.3\spring-boot-starter-security-3.5.3.jar;C:\Users\Pramoth R\.m2\repository\org\springframework\spring-aop\6.2.8\spring-aop-6.2.8.jar;C:\Users\Pramoth R\.m2\repository\org\springframework\security\spring-security-config\6.5.1\spring-security-config-6.5.1.jar;C:\Users\Pramoth R\.m2\repository\org\springframework\security\spring-security-core\6.5.1\spring-security-core-6.5.1.jar;C:\Users\Pramoth R\.m2\repository\org\springframework\security\spring-security-crypto\6.5.1\spring-security-crypto-6.5.1.jar;C:\Users\Pramoth R\.m2\repository\org\springframework\security\spring-security-web\6.5.1\spring-security-web-6.5.1.jar;C:\Users\Pramoth R\.m2\repository\org\projectlombok\lombok\1.18.38\lombok-1.18.38.jar;C:\Users\Pramoth R\.m2\repository\jakarta\xml\bind\jakarta.xml.bind-api\4.0.2\jakarta.xml.bind-api-4.0.2.jar;C:\Users\Pramoth R\.m2\repository\org\springframework\spring-core\6.2.8\spring-core-6.2.8.jar;C:\Users\Pramoth R\.m2\repository\org\springframework\spring-jcl\6.2.8\spring-jcl-6.2.8.jar
Launcher Type: SUN_STANDARD

[Global flags]
     intx CICompilerCount                          = 4                                         {product} {ergonomic}
     uint ConcGCThreads                            = 3                                         {product} {ergonomic}
     uint G1ConcRefinementThreads                  = 10                                        {product} {ergonomic}
   size_t G1HeapRegionSize                         = 1048576                                   {product} {ergonomic}
   size_t InitialHeapSize                          = 130023424                                 {product} {ergonomic}
   size_t MarkStackSize                            = 4194304                                   {product} {ergonomic}
   size_t MarkStackSizeMax                         = 536870912                                 {product} {ergonomic}
   size_t MaxHeapSize                              = 2076180480                                {product} {ergonomic}
   size_t MaxNewSize                               = 1245708288                                {product} {ergonomic}
   size_t MinHeapDeltaBytes                        = 1048576                                   {product} {ergonomic}
   size_t MinHeapSize                              = 8388608                                   {product} {ergonomic}
    uintx NonNMethodCodeHeapSize                   = 5832704                                {pd product} {ergonomic}
    uintx NonProfiledCodeHeapSize                  = 122945536                              {pd product} {ergonomic}
    uintx ProfiledCodeHeapSize                     = 122880000                              {pd product} {ergonomic}
    uintx ReservedCodeCacheSize                    = 251658240                              {pd product} {ergonomic}
     bool SegmentedCodeCache                       = true                                      {product} {ergonomic}
   size_t SoftMaxHeapSize                          = 2076180480                             {manageable} {ergonomic}
     bool UseCompressedOops                        = true                           {product lp64_product} {ergonomic}
     bool UseG1GC                                  = true                                      {product} {ergonomic}
     bool UseLargePagesIndividualAllocation        = false                                  {pd product} {ergonomic}

Logging:
Log output configuration:
 #0: stdout all=warning uptime,level,tags foldmultilines=false
 #1: stderr all=off uptime,level,tags foldmultilines=false

Environment Variables:
PATH=c:\Users\Pramoth R\AppData\Local\Programs\cursor\resources\app\bin;C:\Program Files\Common Files\Oracle\Java\javapath;C:\Program Files (x86)\Common Files\Intel\Shared Libraries\redist\intel64\compiler;C:\Windows\system32;C:\Windows;C:\Windows\System32\Wbem;C:\Windows\System32\WindowsPowerShell\v1.0\;C:\Windows\System32\OpenSSH\;C:\Program Files (x86)\NVIDIA Corporation\PhysX\Common;C:\Program Files\NVIDIA Corporation\NVIDIA NvDLISR;C:\Program Files\Git\cmd;C:\Program Files\CMake\bin;C:\Users\Pramoth R\AppData\Local\Packages\PythonSoftwareFoundation.Python.3.10_qbz5n2kfra8p0\LocalCache\local-packages\Python310;search-ms:displayname=Search0Results0in0Home&crumb=location:AA{F874310E-B6B7-47DC-BC84-B9E6B38F5903}\PythonSoftwareFoundation.Python.3.9_qbz5n2kfra8p0;C:\Program Files\dotnet\;C:\WINDOWS\system32;C:\WINDOWS;C:\WINDOWS\System32\Wbem;C:\WINDOWS\System32\WindowsPowerShell\v1.0\;C:\WINDOWS\System32\OpenSSH\;C:\Program Files\nodejs\;C:\Program Files\nodejs\node_modules\npm\bin;C:\Program Files\MySQL\MySQL Ser;C:\Program Files\MySQL\MySQL Shell 8.0\bin\;C:\Users\Pramoth R\AppData\Local\Programs\Python\Python310\Scripts\;C:\Users\Pramoth R\AppData\Local\Programs\Python\Python310\;C:\Users\Pramoth R\AppData\Local\Microsoft\WindowsApps;C:\Users\Pramoth R\AppData\Local\Programs\Microsoft VS Code\bin;C:\Users\Pramoth R\AppData\Roaming\npm;C:\Program Files\MySQL\MySQL Server 8.0\bin;C:\Program Files\JetBrains\IntelliJ IDEA Community Edition 2024.3.5\bin;;C:\Users\Pramoth R\AppData\Local\Programs\cursor\resources\app\bin
USERNAME=Pramoth R
OS=Windows_NT
PROCESSOR_IDENTIFIER=Intel64 Family 6 Model 141 Stepping 1, GenuineIntel
TMP=C:\Users\PRAMOT~1\AppData\Local\Temp
TEMP=C:\Users\PRAMOT~1\AppData\Local\Temp




Periodic native trim disabled

---------------  S Y S T E M  ---------------

OS:
 Windows 11 , 64 bit Build 26100 (10.0.26100.4768)
OS uptime: 1 days 5:06 hours
Hyper-V role detected

CPU: total 12 (initial active 12) (6 cores per cpu, 2 threads per core) family 6 model 141 stepping 1 microcode 0x50, cx8, cmov, fxsr, ht, mmx, 3dnowpref, sse, sse2, sse3, ssse3, sse4.1, sse4.2, popcnt, lzcnt, tsc, tscinvbit, avx, avx2, aes, erms, clmul, bmi1, bmi2, adx, avx512f, avx512dq, avx512cd, avx512bw, avx512vl, sha, fma, vzeroupper, avx512_vpopcntdq, avx512_vpclmulqdq, avx512_vaes, avx512_vnni, clflush, clflushopt, clwb, avx512_vbmi2, avx512_vbmi, hv, rdtscp, rdpid, fsrm, gfni, avx512_bitalg, f16c, cet_ibt, cet_ss, avx512_ifma
Processor Information for processor 0
  Max Mhz: 2611, Current Mhz: 2611, Mhz Limit: 2611
Processor Information for processor 1
  Max Mhz: 2611, Current Mhz: 2611, Mhz Limit: 2611
Processor Information for processor 2
  Max Mhz: 2611, Current Mhz: 2611, Mhz Limit: 2611
Processor Information for processor 3
  Max Mhz: 2611, Current Mhz: 1004, Mhz Limit: 2611
Processor Information for processor 4
  Max Mhz: 2611, Current Mhz: 2611, Mhz Limit: 2611
Processor Information for processor 5
  Max Mhz: 2611, Current Mhz: 1004, Mhz Limit: 2611
Processor Information for processor 6
  Max Mhz: 2611, Current Mhz: 1004, Mhz Limit: 2611
Processor Information for processor 7
  Max Mhz: 2611, Current Mhz: 1004, Mhz Limit: 2611
Processor Information for processor 8
  Max Mhz: 2611, Current Mhz: 1004, Mhz Limit: 2611
Processor Information for processor 9
  Max Mhz: 2611, Current Mhz: 1004, Mhz Limit: 2611
Processor Information for processor 10
  Max Mhz: 2611, Current Mhz: 1004, Mhz Limit: 2611
Processor Information for processor 11
  Max Mhz: 2611, Current Mhz: 1004, Mhz Limit: 2611

Memory: 4k page, system-wide physical 7913M (790M free)
TotalPageFile size 32489M (AvailPageFile size 3M)
current process WorkingSet (physical memory assigned to process): 156M, peak: 448M
current process commit charge ("private bytes"): 480M, peak: 498M

vm_info: OpenJDK 64-Bit Server VM (24.0.1+9-30) for windows-amd64 JRE (24.0.1+9-30), built on 2025-03-05T07:23:45Z with MS VC++ 17.6 (VS2022)

END.
